[ 2016-01-02T11:14:10+08:00 ] 127.0.0.1 /Linsanity.cc-TP/
INFO: [ app_init ] --START--
INFO: Run Behavior\BuildLiteBehavior [ RunTime:0.000027s ]
INFO: [ app_init ] --END-- [ RunTime:0.000796s ]
INFO: [ app_begin ] --START--
INFO: Run Behavior\ReadHtmlCacheBehavior [ RunTime:0.001189s ]
INFO: [ app_begin ] --END-- [ RunTime:0.001283s ]
SQL: SHOW COLUMNS FROM `category` [ RunTime:0.0028s ]
SQL: SELECT * FROM `category` WHERE ( isshow=1 ) ORDER BY corder asc  [ RunTime:0.0010s ]
SQL: SHOW COLUMNS FROM `textads` [ RunTime:0.0025s ]
SQL: SELECT * FROM `textads` ORDER BY id desc LIMIT 0,4   [ RunTime:0.0005s ]
INFO: [ view_parse ] --START--
INFO: [ template_filter ] --START--
INFO: Run Behavior\ContentReplaceBehavior [ RunTime:0.000081s ]
INFO: [ template_filter ] --END-- [ RunTime:0.000144s ]
INFO: Run Behavior\ParseTemplateBehavior [ RunTime:0.014589s ]
INFO: [ view_parse ] --END-- [ RunTime:0.014672s ]
INFO: [ view_filter ] --START--
INFO: Run Behavior\WriteHtmlCacheBehavior [ RunTime:0.000696s ]
INFO: [ view_filter ] --END-- [ RunTime:0.000759s ]
SQL: SELECT * FROM `textads` ORDER BY id desc LIMIT 4,8   [ RunTime:0.0004s ]
SQL: SELECT * FROM `textads` ORDER BY id desc LIMIT 12,8   [ RunTime:0.0002s ]
SQL: SELECT * FROM `textads` ORDER BY id desc LIMIT 20,8   [ RunTime:0.0003s ]
SQL: SELECT * FROM `textads` ORDER BY id desc LIMIT 28,8   [ RunTime:0.0003s ]
SQL: SELECT * FROM `textads` ORDER BY id desc LIMIT 36,8   [ RunTime:0.0003s ]
SQL: SELECT * FROM `textads` ORDER BY id desc LIMIT 44,8   [ RunTime:0.0002s ]
SQL: SHOW COLUMNS FROM `imagetype` [ RunTime:0.0024s ]
SQL: SHOW COLUMNS FROM `imageads` [ RunTime:0.0024s ]
SQL: SELECT * FROM `imagetype` WHERE ( typename='1000X90' )  [ RunTime:0.0004s ]
SQL: SELECT * FROM `imageads` WHERE ( tid=1 ) ORDER BY id desc LIMIT 0,1   [ RunTime:0.0004s ]
SQL: SELECT * FROM `imageads` WHERE ( tid=1 ) ORDER BY id desc LIMIT 1,1   [ RunTime:0.0003s ]
SQL: SELECT * FROM `imageads` WHERE ( tid=1 ) ORDER BY id desc LIMIT 2,1   [ RunTime:0.0003s ]
SQL: SELECT * FROM `imagetype` WHERE ( typename='130X90' )  [ RunTime:0.0002s ]
SQL: SELECT * FROM `imageads` WHERE ( tid=2 ) ORDER BY id desc LIMIT 0,7   [ RunTime:0.0003s ]
SQL: SHOW COLUMNS FROM `news` [ RunTime:0.0022s ]
SQL: SELECT * FROM `category` WHERE ( title='疯狂视频' )  [ RunTime:0.0003s ]
SQL: SELECT * FROM `news` WHERE ( cateid=1 ) ORDER BY id desc LIMIT 0,14   [ RunTime:0.0009s ]
SQL: SELECT * FROM `category` WHERE ( title='疯狂新闻' )  [ RunTime:0.0002s ]
SQL: SELECT * FROM `news` WHERE ( cateid=2 ) ORDER BY id desc LIMIT 0,14   [ RunTime:0.0005s ]
SQL: SELECT * FROM `category` WHERE ( title='疯狂体育' )  [ RunTime:0.0003s ]
SQL: SELECT * FROM `news` WHERE ( cateid=3 ) ORDER BY id desc LIMIT 0,14   [ RunTime:0.0007s ]
SQL: SELECT * FROM `category` WHERE ( title='疯狂趣事' )  [ RunTime:0.0004s ]
SQL: SELECT * FROM `news` WHERE ( cateid=4 ) ORDER BY id desc LIMIT 0,14   [ RunTime:0.0006s ]
SQL: SELECT * FROM `category` WHERE ( title='疯狂科技' )  [ RunTime:0.0002s ]
SQL: SELECT * FROM `news` WHERE ( cateid=5 ) ORDER BY id desc LIMIT 0,14   [ RunTime:0.0004s ]
SQL: SELECT * FROM `category` WHERE ( title='疯狂娱乐' )  [ RunTime:0.0002s ]
SQL: SELECT * FROM `news` WHERE ( cateid=6 ) ORDER BY id desc LIMIT 0,14   [ RunTime:0.0006s ]
SQL: SHOW COLUMNS FROM `games` [ RunTime:0.0007s ]
SQL: SELECT * FROM `category` WHERE ( title='林疯狂' )  [ RunTime:0.0003s ]
SQL: SELECT * FROM `games` WHERE ( cateid=7 ) ORDER BY dates desc LIMIT 0,14   [ RunTime:0.0006s ]
SQL: SELECT * FROM `category` WHERE ( title='赛季经典' )  [ RunTime:0.0003s ]
SQL: SELECT * FROM `games` WHERE ( cateid=8 ) ORDER BY dates desc LIMIT 0,14   [ RunTime:0.0004s ]
SQL: SELECT * FROM `category` WHERE ( title='关于疯狂' )  [ RunTime:0.0002s ]
SQL: SELECT * FROM `news` WHERE ( cateid=9 ) ORDER BY id desc LIMIT 0,14   [ RunTime:0.0006s ]
SQL: SELECT * FROM `category` WHERE ( title='友情链接' )  [ RunTime:0.0002s ]
SQL: SELECT * FROM `news` WHERE ( cateid=10 ) ORDER BY id asc LIMIT 0,18   [ RunTime:0.0004s ]
SQL: SELECT * FROM `news` WHERE ( cateid=10 ) ORDER BY id asc LIMIT 18,18   [ RunTime:0.0006s ]
SQL: SELECT * FROM `category` WHERE ( title='尾部信息' )  [ RunTime:0.0002s ]
SQL: SELECT * FROM `news` WHERE ( cateid=11 ) ORDER BY id asc  [ RunTime:0.0005s ]
INFO: [ view_parse ] --START--
INFO: [ template_filter ] --START--
INFO: Run Behavior\ContentReplaceBehavior [ RunTime:0.000116s ]
INFO: [ template_filter ] --END-- [ RunTime:-0.055697s ]
INFO: Run Behavior\ParseTemplateBehavior [ RunTime:0.029088s ]
INFO: [ view_parse ] --END-- [ RunTime:-0.029411s ]
INFO: [ view_filter ] --START--
INFO: Run Behavior\WriteHtmlCacheBehavior [ RunTime:0.000014s ]
INFO: [ view_filter ] --END-- [ RunTime:-0.057810s ]
NOTIC: [2] Cannot modify header information - headers already sent by (output started at H:\www\Linsanity.cc-TP\ThinkPHP\Library\Think\View.class.php:95) H:\www\Linsanity.cc-TP\ThinkPHP\Library\Think\View.class.php 第 91 行.
NOTIC: [2] Cannot modify header information - headers already sent by (output started at H:\www\Linsanity.cc-TP\ThinkPHP\Library\Think\View.class.php:95) H:\www\Linsanity.cc-TP\ThinkPHP\Library\Think\View.class.php 第 92 行.
NOTIC: [2] Cannot modify header information - headers already sent by (output started at H:\www\Linsanity.cc-TP\ThinkPHP\Library\Think\View.class.php:95) H:\www\Linsanity.cc-TP\ThinkPHP\Library\Think\View.class.php 第 93 行.
INFO: [ app_end ] --START--
INFO: Run Behavior\ShowPageTraceBehavior [ RunTime:0.000919s ]
INFO: [ app_end ] --END-- [ RunTime:0.000972s ]

[ 2016-01-02T11:14:10+08:00 ] 127.0.0.1 /Linsanity.cc-TP/Uploads/Imageads/1000X90/5624cc30cb645.jpg
INFO: [ app_init ] --START--
INFO: Run Behavior\BuildLiteBehavior [ RunTime:0.000016s ]
INFO: [ app_init ] --END-- [ RunTime:0.000567s ]

[ 2016-01-02T11:14:10+08:00 ] 127.0.0.1 /Linsanity.cc-TP/Uploads/Imageads/130X90/5624dd6c9f846.jpg
INFO: [ app_init ] --START--
INFO: Run Behavior\BuildLiteBehavior [ RunTime:0.000023s ]
INFO: [ app_init ] --END-- [ RunTime:0.000747s ]

[ 2016-01-02T11:14:10+08:00 ] 127.0.0.1 /Linsanity.cc-TP/Uploads/Imageads/130X90/563605b92f7d6.gif
INFO: [ app_init ] --START--
INFO: Run Behavior\BuildLiteBehavior [ RunTime:0.000023s ]
INFO: [ app_init ] --END-- [ RunTime:0.000680s ]

[ 2016-01-02T11:14:10+08:00 ] 127.0.0.1 /Linsanity.cc-TP/Uploads/Imageads/130X90/563606422133f.gif
INFO: [ app_init ] --START--
INFO: Run Behavior\BuildLiteBehavior [ RunTime:0.000023s ]
INFO: [ app_init ] --END-- [ RunTime:0.000688s ]

[ 2016-01-02T11:14:10+08:00 ] 127.0.0.1 /Linsanity.cc-TP/Uploads/Imageads/130X90/5636060664dc3.gif
INFO: [ app_init ] --START--
INFO: Run Behavior\BuildLiteBehavior [ RunTime:0.000025s ]
INFO: [ app_init ] --END-- [ RunTime:0.000985s ]

[ 2016-01-02T11:14:10+08:00 ] 127.0.0.1 /Linsanity.cc-TP/Uploads/Imageads/1000X90/5624cc3e373c3.jpg
INFO: [ app_init ] --START--
INFO: Run Behavior\BuildLiteBehavior [ RunTime:0.000027s ]
INFO: [ app_init ] --END-- [ RunTime:0.000572s ]

[ 2016-01-02T11:14:10+08:00 ] 127.0.0.1 /Linsanity.cc-TP/Uploads/Imageads/1000X90/5624cc30cb645.jpg
INFO: [ app_init ] --START--
INFO: Run Behavior\BuildLiteBehavior [ RunTime:0.000023s ]
INFO: [ app_init ] --END-- [ RunTime:0.000583s ]

[ 2016-01-02T11:14:10+08:00 ] 127.0.0.1 /Linsanity.cc-TP/Uploads/Imageads/130X90/5624dd6c9f846.jpg
INFO: [ app_init ] --START--
INFO: Run Behavior\BuildLiteBehavior [ RunTime:0.000301s ]
INFO: [ app_init ] --END-- [ RunTime:0.001161s ]

[ 2016-01-02T11:14:11+08:00 ] 127.0.0.1 /Linsanity.cc-TP/Uploads/Imageads/130X90/5624da15a9627.gif
INFO: [ app_init ] --START--
INFO: Run Behavior\BuildLiteBehavior [ RunTime:0.000024s ]
INFO: [ app_init ] --END-- [ RunTime:0.000559s ]

[ 2016-01-02T11:14:11+08:00 ] 127.0.0.1 /Linsanity.cc-TP/Uploads/Imageads/130X90/5624dc59c8e3c.gif
INFO: [ app_init ] --START--
INFO: Run Behavior\BuildLiteBehavior [ RunTime:0.000023s ]
INFO: [ app_init ] --END-- [ RunTime:0.000578s ]

[ 2016-01-02T11:14:11+08:00 ] 127.0.0.1 /Linsanity.cc-TP/Uploads/Imageads/130X90/5635f991801f4.gif
INFO: [ app_init ] --START--
INFO: Run Behavior\BuildLiteBehavior [ RunTime:0.000034s ]
INFO: [ app_init ] --END-- [ RunTime:0.001242s ]

[ 2016-01-02T11:14:28+08:00 ] 127.0.0.1 /Linsanity.cc-TP/Public/css/__APP__/Public/images/bg-button-green.gif
INFO: [ app_init ] --START--
INFO: Run Behavior\BuildLiteBehavior [ RunTime:0.000024s ]
INFO: [ app_init ] --END-- [ RunTime:0.000759s ]

[ 2016-01-02T12:15:32+08:00 ] 127.0.0.1 /Linsanity.cc-TP/Uploads/Imageads/1000X90/5624cbd35583a.jpg
INFO: [ app_init ] --START--
INFO: Run Behavior\BuildLiteBehavior [ RunTime:0.000024s ]
INFO: [ app_init ] --END-- [ RunTime:0.000545s ]

[ 2016-01-02T12:15:32+08:00 ] 127.0.0.1 /Linsanity.cc-TP/Uploads/Imageads/1000X90/5624cc3e373c3.jpg
INFO: [ app_init ] --START--
INFO: Run Behavior\BuildLiteBehavior [ RunTime:0.000023s ]
INFO: [ app_init ] --END-- [ RunTime:0.000727s ]

[ 2016-01-02T12:15:32+08:00 ] 127.0.0.1 /Linsanity.cc-TP/Uploads/Imageads/1000X90/5624cc30cb645.jpg
INFO: [ app_init ] --START--
INFO: Run Behavior\BuildLiteBehavior [ RunTime:0.000025s ]
INFO: [ app_init ] --END-- [ RunTime:0.000842s ]

[ 2016-01-02T19:43:07+08:00 ] 127.0.0.1 /Linsanity.cc-TP/
INFO: [ app_init ] --START--
INFO: Run Behavior\BuildLiteBehavior [ RunTime:0.000023s ]
INFO: [ app_init ] --END-- [ RunTime:0.000541s ]
INFO: [ app_begin ] --START--
INFO: Run Behavior\ReadHtmlCacheBehavior [ RunTime:0.000996s ]
INFO: [ app_begin ] --END-- [ RunTime:0.001059s ]
SQL: SHOW COLUMNS FROM `category` [ RunTime:0.0302s ]
SQL: SELECT * FROM `category` WHERE ( isshow=1 ) ORDER BY corder asc  [ RunTime:0.0005s ]
SQL: SHOW COLUMNS FROM `textads` [ RunTime:0.0263s ]
SQL: SELECT * FROM `textads` ORDER BY id desc LIMIT 0,4   [ RunTime:0.0003s ]
INFO: [ view_parse ] --START--
INFO: [ template_filter ] --START--
INFO: Run Behavior\ContentReplaceBehavior [ RunTime:0.000076s ]
INFO: [ template_filter ] --END-- [ RunTime:0.000143s ]
INFO: Run Behavior\ParseTemplateBehavior [ RunTime:0.015132s ]
INFO: [ view_parse ] --END-- [ RunTime:0.015228s ]
INFO: [ view_filter ] --START--
INFO: Run Behavior\WriteHtmlCacheBehavior [ RunTime:0.000656s ]
INFO: [ view_filter ] --END-- [ RunTime:0.000712s ]
SQL: SELECT * FROM `textads` ORDER BY id desc LIMIT 4,8   [ RunTime:0.0004s ]
SQL: SELECT * FROM `textads` ORDER BY id desc LIMIT 12,8   [ RunTime:0.0002s ]
SQL: SELECT * FROM `textads` ORDER BY id desc LIMIT 20,8   [ RunTime:0.0003s ]
SQL: SELECT * FROM `textads` ORDER BY id desc LIMIT 28,8   [ RunTime:0.0003s ]
SQL: SELECT * FROM `textads` ORDER BY id desc LIMIT 36,8   [ RunTime:0.0003s ]
SQL: SELECT * FROM `textads` ORDER BY id desc LIMIT 44,8   [ RunTime:0.0002s ]
SQL: SHOW COLUMNS FROM `imagetype` [ RunTime:0.0291s ]
SQL: SHOW COLUMNS FROM `imageads` [ RunTime:0.0259s ]
SQL: SELECT * FROM `imagetype` WHERE ( typename='1000X90' )  [ RunTime:0.0009s ]
SQL: SELECT * FROM `imageads` WHERE ( tid=1 ) ORDER BY id desc LIMIT 0,1   [ RunTime:0.0008s ]
SQL: SELECT * FROM `imageads` WHERE ( tid=1 ) ORDER BY id desc LIMIT 1,1   [ RunTime:0.0008s ]
SQL: SELECT * FROM `imageads` WHERE ( tid=1 ) ORDER BY id desc LIMIT 2,1   [ RunTime:0.0009s ]
SQL: SELECT * FROM `imagetype` WHERE ( typename='130X90' )  [ RunTime:0.0006s ]
SQL: SELECT * FROM `imageads` WHERE ( tid=2 ) ORDER BY id desc LIMIT 0,7   [ RunTime:0.0008s ]
SQL: SHOW COLUMNS FROM `news` [ RunTime:0.0201s ]
SQL: SELECT * FROM `category` WHERE ( title='疯狂视频' )  [ RunTime:0.0011s ]
SQL: SELECT * FROM `news` WHERE ( cateid=1 ) ORDER BY id desc LIMIT 0,14   [ RunTime:0.0032s ]
SQL: SELECT * FROM `category` WHERE ( title='疯狂新闻' )  [ RunTime:0.0008s ]
SQL: SELECT * FROM `news` WHERE ( cateid=2 ) ORDER BY id desc LIMIT 0,14   [ RunTime:0.0016s ]
SQL: SELECT * FROM `category` WHERE ( title='疯狂体育' )  [ RunTime:0.0008s ]
SQL: SELECT * FROM `news` WHERE ( cateid=3 ) ORDER BY id desc LIMIT 0,14   [ RunTime:0.0015s ]
SQL: SELECT * FROM `category` WHERE ( title='疯狂趣事' )  [ RunTime:0.0007s ]
SQL: SELECT * FROM `news` WHERE ( cateid=4 ) ORDER BY id desc LIMIT 0,14   [ RunTime:0.0018s ]
SQL: SELECT * FROM `category` WHERE ( title='疯狂科技' )  [ RunTime:0.0009s ]
SQL: SELECT * FROM `news` WHERE ( cateid=5 ) ORDER BY id desc LIMIT 0,14   [ RunTime:0.0013s ]
SQL: SELECT * FROM `category` WHERE ( title='疯狂娱乐' )  [ RunTime:0.0005s ]
SQL: SELECT * FROM `news` WHERE ( cateid=6 ) ORDER BY id desc LIMIT 0,14   [ RunTime:0.0011s ]
SQL: SHOW COLUMNS FROM `games` [ RunTime:0.0193s ]
SQL: SELECT * FROM `category` WHERE ( title='林疯狂' )  [ RunTime:0.0007s ]
SQL: SELECT * FROM `games` WHERE ( cateid=7 ) ORDER BY dates desc LIMIT 0,14   [ RunTime:0.0011s ]
SQL: SELECT * FROM `category` WHERE ( title='赛季经典' )  [ RunTime:0.0004s ]
SQL: SELECT * FROM `games` WHERE ( cateid=8 ) ORDER BY dates desc LIMIT 0,14   [ RunTime:0.0006s ]
SQL: SELECT * FROM `category` WHERE ( title='关于疯狂' )  [ RunTime:0.0004s ]
SQL: SELECT * FROM `news` WHERE ( cateid=9 ) ORDER BY id desc LIMIT 0,14   [ RunTime:0.0014s ]
SQL: SELECT * FROM `category` WHERE ( title='友情链接' )  [ RunTime:0.0004s ]
SQL: SELECT * FROM `news` WHERE ( cateid=10 ) ORDER BY id asc LIMIT 0,18   [ RunTime:0.0007s ]
SQL: SELECT * FROM `news` WHERE ( cateid=10 ) ORDER BY id asc LIMIT 18,18   [ RunTime:0.0010s ]
SQL: SELECT * FROM `category` WHERE ( title='尾部信息' )  [ RunTime:0.0003s ]
SQL: SELECT * FROM `news` WHERE ( cateid=11 ) ORDER BY id asc  [ RunTime:0.0009s ]
INFO: [ view_parse ] --START--
INFO: [ template_filter ] --START--
INFO: Run Behavior\ContentReplaceBehavior [ RunTime:0.000105s ]
INFO: [ template_filter ] --END-- [ RunTime:-0.176678s ]
INFO: Run Behavior\ParseTemplateBehavior [ RunTime:0.036389s ]
INFO: [ view_parse ] --END-- [ RunTime:-0.142857s ]
INFO: [ view_filter ] --START--
INFO: Run Behavior\WriteHtmlCacheBehavior [ RunTime:0.000019s ]
INFO: [ view_filter ] --END-- [ RunTime:-0.178612s ]
NOTIC: [2] Cannot modify header information - headers already sent by (output started at H:\www\Linsanity.cc-TP\ThinkPHP\Library\Think\View.class.php:95) H:\www\Linsanity.cc-TP\ThinkPHP\Library\Think\View.class.php 第 91 行.
NOTIC: [2] Cannot modify header information - headers already sent by (output started at H:\www\Linsanity.cc-TP\ThinkPHP\Library\Think\View.class.php:95) H:\www\Linsanity.cc-TP\ThinkPHP\Library\Think\View.class.php 第 92 行.
NOTIC: [2] Cannot modify header information - headers already sent by (output started at H:\www\Linsanity.cc-TP\ThinkPHP\Library\Think\View.class.php:95) H:\www\Linsanity.cc-TP\ThinkPHP\Library\Think\View.class.php 第 93 行.
INFO: [ app_end ] --START--
INFO: Run Behavior\ShowPageTraceBehavior [ RunTime:0.001375s ]
INFO: [ app_end ] --END-- [ RunTime:0.001452s ]

[ 2016-01-02T19:43:07+08:00 ] 127.0.0.1 /Linsanity.cc-TP/Uploads/Imageads/1000X90/5624cc30cb645.jpg
INFO: [ app_init ] --START--
INFO: Run Behavior\BuildLiteBehavior [ RunTime:0.000029s ]
INFO: [ app_init ] --END-- [ RunTime:0.000599s ]

[ 2016-01-02T19:43:07+08:00 ] 127.0.0.1 /Linsanity.cc-TP/Uploads/Imageads/130X90/5635f991801f4.gif
INFO: [ app_init ] --START--
INFO: Run Behavior\BuildLiteBehavior [ RunTime:0.000030s ]
INFO: [ app_init ] --END-- [ RunTime:0.000737s ]

[ 2016-01-02T19:43:07+08:00 ] 127.0.0.1 /Linsanity.cc-TP/Uploads/Imageads/130X90/5624dc59c8e3c.gif
INFO: [ app_init ] --START--
INFO: Run Behavior\BuildLiteBehavior [ RunTime:0.000029s ]
INFO: [ app_init ] --END-- [ RunTime:0.000822s ]

[ 2016-01-02T19:43:07+08:00 ] 127.0.0.1 /Linsanity.cc-TP/Uploads/Imageads/130X90/563606422133f.gif
INFO: [ app_init ] --START--
INFO: Run Behavior\BuildLiteBehavior [ RunTime:0.000028s ]
INFO: [ app_init ] --END-- [ RunTime:0.000675s ]

[ 2016-01-02T19:43:07+08:00 ] 127.0.0.1 /Linsanity.cc-TP/Uploads/Imageads/130X90/563605b92f7d6.gif
INFO: [ app_init ] --START--
INFO: Run Behavior\BuildLiteBehavior [ RunTime:0.000026s ]
INFO: [ app_init ] --END-- [ RunTime:0.000667s ]

[ 2016-01-02T19:43:07+08:00 ] 127.0.0.1 /Linsanity.cc-TP/Uploads/Imageads/130X90/5624da15a9627.gif
INFO: [ app_init ] --START--
INFO: Run Behavior\BuildLiteBehavior [ RunTime:0.000027s ]
INFO: [ app_init ] --END-- [ RunTime:0.000578s ]

[ 2016-01-02T19:43:07+08:00 ] 127.0.0.1 /Linsanity.cc-TP/Uploads/Imageads/130X90/5624dd6c9f846.jpg
INFO: [ app_init ] --START--
INFO: Run Behavior\BuildLiteBehavior [ RunTime:0.000029s ]
INFO: [ app_init ] --END-- [ RunTime:0.000788s ]

[ 2016-01-02T19:43:07+08:00 ] 127.0.0.1 /Linsanity.cc-TP/Uploads/Imageads/1000X90/5624cc3e373c3.jpg
INFO: [ app_init ] --START--
INFO: Run Behavior\BuildLiteBehavior [ RunTime:0.000017s ]
INFO: [ app_init ] --END-- [ RunTime:0.000416s ]

[ 2016-01-02T19:43:07+08:00 ] 127.0.0.1 /Linsanity.cc-TP/Uploads/Imageads/130X90/5636060664dc3.gif
INFO: [ app_init ] --START--
INFO: Run Behavior\BuildLiteBehavior [ RunTime:0.000029s ]
INFO: [ app_init ] --END-- [ RunTime:0.000690s ]

[ 2016-01-02T19:43:07+08:00 ] 127.0.0.1 /Linsanity.cc-TP/Uploads/Imageads/1000X90/5624cbd35583a.jpg
INFO: [ app_init ] --START--
INFO: Run Behavior\BuildLiteBehavior [ RunTime:0.000025s ]
INFO: [ app_init ] --END-- [ RunTime:0.000896s ]

[ 2016-01-02T19:43:42+08:00 ] 127.0.0.1 /Linsanity.cc-TP/
INFO: [ app_init ] --START--
INFO: Run Behavior\BuildLiteBehavior [ RunTime:0.000018s ]
INFO: [ app_init ] --END-- [ RunTime:0.000418s ]
INFO: [ app_begin ] --START--
INFO: Run Behavior\ReadHtmlCacheBehavior [ RunTime:0.000782s ]
INFO: [ app_begin ] --END-- [ RunTime:0.000846s ]
SQL: SHOW COLUMNS FROM `category` [ RunTime:0.0027s ]
SQL: SELECT * FROM `category` WHERE ( isshow=1 ) ORDER BY corder asc  [ RunTime:0.0005s ]
SQL: SHOW COLUMNS FROM `textads` [ RunTime:0.0018s ]
SQL: SELECT * FROM `textads` ORDER BY id desc LIMIT 0,4   [ RunTime:0.0003s ]
INFO: [ view_parse ] --START--
INFO: [ template_filter ] --START--
INFO: Run Behavior\ContentReplaceBehavior [ RunTime:0.000077s ]
INFO: [ template_filter ] --END-- [ RunTime:0.000144s ]
INFO: Run Behavior\ParseTemplateBehavior [ RunTime:0.013211s ]
INFO: [ view_parse ] --END-- [ RunTime:0.013301s ]
INFO: [ view_filter ] --START--
INFO: Run Behavior\WriteHtmlCacheBehavior [ RunTime:0.000393s ]
INFO: [ view_filter ] --END-- [ RunTime:0.000444s ]
SQL: SELECT * FROM `textads` ORDER BY id desc LIMIT 4,8   [ RunTime:0.0004s ]
SQL: SELECT * FROM `textads` ORDER BY id desc LIMIT 12,8   [ RunTime:0.0002s ]
SQL: SELECT * FROM `textads` ORDER BY id desc LIMIT 20,8   [ RunTime:0.0002s ]
SQL: SELECT * FROM `textads` ORDER BY id desc LIMIT 28,8   [ RunTime:0.0002s ]
SQL: SELECT * FROM `textads` ORDER BY id desc LIMIT 36,8   [ RunTime:0.0002s ]
SQL: SELECT * FROM `textads` ORDER BY id desc LIMIT 44,8   [ RunTime:0.0002s ]
SQL: SHOW COLUMNS FROM `imagetype` [ RunTime:0.0017s ]
SQL: SHOW COLUMNS FROM `imageads` [ RunTime:0.0018s ]
SQL: SELECT * FROM `imagetype` WHERE ( typename='1000X90' )  [ RunTime:0.0003s ]
SQL: SELECT * FROM `imageads` WHERE ( tid=1 ) ORDER BY id desc LIMIT 0,1   [ RunTime:0.0003s ]
SQL: SELECT * FROM `imageads` WHERE ( tid=1 ) ORDER BY id desc LIMIT 1,1   [ RunTime:0.0003s ]
SQL: SELECT * FROM `imageads` WHERE ( tid=1 ) ORDER BY id desc LIMIT 2,1   [ RunTime:0.0003s ]
SQL: SELECT * FROM `imagetype` WHERE ( typename='130X90' )  [ RunTime:0.0002s ]
SQL: SELECT * FROM `imageads` WHERE ( tid=2 ) ORDER BY id desc LIMIT 0,7   [ RunTime:0.0003s ]
SQL: SHOW COLUMNS FROM `news` [ RunTime:0.0018s ]
SQL: SELECT * FROM `category` WHERE ( title='疯狂视频' )  [ RunTime:0.0003s ]
SQL: SELECT * FROM `news` WHERE ( cateid=1 ) ORDER BY id desc LIMIT 0,14   [ RunTime:0.0006s ]
SQL: SELECT * FROM `category` WHERE ( title='疯狂新闻' )  [ RunTime:0.0002s ]
SQL: SELECT * FROM `news` WHERE ( cateid=2 ) ORDER BY id desc LIMIT 0,14   [ RunTime:0.0004s ]
SQL: SELECT * FROM `category` WHERE ( title='疯狂体育' )  [ RunTime:0.0002s ]
SQL: SELECT * FROM `news` WHERE ( cateid=3 ) ORDER BY id desc LIMIT 0,14   [ RunTime:0.0005s ]
SQL: SELECT * FROM `category` WHERE ( title='疯狂趣事' )  [ RunTime:0.0002s ]
SQL: SELECT * FROM `news` WHERE ( cateid=4 ) ORDER BY id desc LIMIT 0,14   [ RunTime:0.0004s ]
SQL: SELECT * FROM `category` WHERE ( title='疯狂科技' )  [ RunTime:0.0002s ]
SQL: SELECT * FROM `news` WHERE ( cateid=5 ) ORDER BY id desc LIMIT 0,14   [ RunTime:0.0004s ]
SQL: SELECT * FROM `category` WHERE ( title='疯狂娱乐' )  [ RunTime:0.0002s ]
SQL: SELECT * FROM `news` WHERE ( cateid=6 ) ORDER BY id desc LIMIT 0,14   [ RunTime:0.0005s ]
SQL: SHOW COLUMNS FROM `games` [ RunTime:0.0019s ]
SQL: SELECT * FROM `category` WHERE ( title='林疯狂' )  [ RunTime:0.0003s ]
SQL: SELECT * FROM `games` WHERE ( cateid=7 ) ORDER BY dates desc LIMIT 0,14   [ RunTime:0.0004s ]
SQL: SELECT * FROM `category` WHERE ( title='赛季经典' )  [ RunTime:0.0002s ]
SQL: SELECT * FROM `games` WHERE ( cateid=8 ) ORDER BY dates desc LIMIT 0,14   [ RunTime:0.0004s ]
SQL: SELECT * FROM `category` WHERE ( title='关于疯狂' )  [ RunTime:0.0003s ]
SQL: SELECT * FROM `news` WHERE ( cateid=9 ) ORDER BY id desc LIMIT 0,14   [ RunTime:0.0006s ]
SQL: SELECT * FROM `category` WHERE ( title='友情链接' )  [ RunTime:0.0002s ]
SQL: SELECT * FROM `news` WHERE ( cateid=10 ) ORDER BY id asc LIMIT 0,18   [ RunTime:0.0004s ]
SQL: SELECT * FROM `news` WHERE ( cateid=10 ) ORDER BY id asc LIMIT 18,18   [ RunTime:0.0006s ]
SQL: SELECT * FROM `category` WHERE ( title='尾部信息' )  [ RunTime:0.0002s ]
SQL: SELECT * FROM `news` WHERE ( cateid=11 ) ORDER BY id asc  [ RunTime:0.0008s ]
INFO: [ view_parse ] --START--
INFO: [ template_filter ] --START--
INFO: Run Behavior\ContentReplaceBehavior [ RunTime:0.000104s ]
INFO: [ template_filter ] --END-- [ RunTime:-0.049320s ]
INFO: Run Behavior\ParseTemplateBehavior [ RunTime:0.025830s ]
INFO: [ view_parse ] --END-- [ RunTime:-0.026117s ]
INFO: [ view_filter ] --START--
INFO: Run Behavior\WriteHtmlCacheBehavior [ RunTime:0.000024s ]
INFO: [ view_filter ] --END-- [ RunTime:-0.051617s ]
NOTIC: [2] Cannot modify header information - headers already sent by (output started at H:\www\Linsanity.cc-TP\ThinkPHP\Library\Think\View.class.php:95) H:\www\Linsanity.cc-TP\ThinkPHP\Library\Think\View.class.php 第 91 行.
NOTIC: [2] Cannot modify header information - headers already sent by (output started at H:\www\Linsanity.cc-TP\ThinkPHP\Library\Think\View.class.php:95) H:\www\Linsanity.cc-TP\ThinkPHP\Library\Think\View.class.php 第 92 行.
NOTIC: [2] Cannot modify header information - headers already sent by (output started at H:\www\Linsanity.cc-TP\ThinkPHP\Library\Think\View.class.php:95) H:\www\Linsanity.cc-TP\ThinkPHP\Library\Think\View.class.php 第 93 行.
INFO: [ app_end ] --START--
INFO: Run Behavior\ShowPageTraceBehavior [ RunTime:0.001451s ]
INFO: [ app_end ] --END-- [ RunTime:0.001563s ]

[ 2016-01-02T19:43:42+08:00 ] 127.0.0.1 /Linsanity.cc-TP/Uploads/Imageads/130X90/563605b92f7d6.gif
INFO: [ app_init ] --START--
INFO: Run Behavior\BuildLiteBehavior [ RunTime:0.000032s ]
INFO: [ app_init ] --END-- [ RunTime:0.000826s ]

[ 2016-01-02T19:43:42+08:00 ] 127.0.0.1 /Linsanity.cc-TP/Uploads/Imageads/130X90/5624dd6c9f846.jpg
INFO: [ app_init ] --START--
INFO: Run Behavior\BuildLiteBehavior [ RunTime:0.000028s ]
INFO: [ app_init ] --END-- [ RunTime:0.000590s ]

[ 2016-01-02T19:43:42+08:00 ] 127.0.0.1 /Linsanity.cc-TP/Uploads/Imageads/130X90/5636060664dc3.gif
INFO: [ app_init ] --START--
INFO: Run Behavior\BuildLiteBehavior [ RunTime:0.000029s ]
INFO: [ app_init ] --END-- [ RunTime:0.000686s ]

[ 2016-01-02T19:43:42+08:00 ] 127.0.0.1 /Linsanity.cc-TP/Uploads/Imageads/130X90/563606422133f.gif
INFO: [ app_init ] --START--
INFO: Run Behavior\BuildLiteBehavior [ RunTime:0.000028s ]
INFO: [ app_init ] --END-- [ RunTime:0.000721s ]

[ 2016-01-02T19:43:42+08:00 ] 127.0.0.1 /Linsanity.cc-TP/Uploads/Imageads/1000X90/5624cc30cb645.jpg
INFO: [ app_init ] --START--
INFO: Run Behavior\BuildLiteBehavior [ RunTime:0.000027s ]
INFO: [ app_init ] --END-- [ RunTime:0.001140s ]

[ 2016-01-02T19:43:42+08:00 ] 127.0.0.1 /Linsanity.cc-TP/Uploads/Imageads/130X90/5635f991801f4.gif
INFO: [ app_init ] --START--
INFO: Run Behavior\BuildLiteBehavior [ RunTime:0.000026s ]
INFO: [ app_init ] --END-- [ RunTime:0.000582s ]

[ 2016-01-02T19:43:42+08:00 ] 127.0.0.1 /Linsanity.cc-TP/Uploads/Imageads/130X90/5624dc59c8e3c.gif
INFO: [ app_init ] --START--
INFO: Run Behavior\BuildLiteBehavior [ RunTime:0.000030s ]
INFO: [ app_init ] --END-- [ RunTime:0.000887s ]

[ 2016-01-02T19:43:42+08:00 ] 127.0.0.1 /Linsanity.cc-TP/Uploads/Imageads/1000X90/5624cc3e373c3.jpg
INFO: [ app_init ] --START--
INFO: Run Behavior\BuildLiteBehavior [ RunTime:0.000031s ]
INFO: [ app_init ] --END-- [ RunTime:0.000638s ]

[ 2016-01-02T19:43:42+08:00 ] 127.0.0.1 /Linsanity.cc-TP/Uploads/Imageads/1000X90/5624cbd35583a.jpg
INFO: [ app_init ] --START--
INFO: Run Behavior\BuildLiteBehavior [ RunTime:0.000019s ]
INFO: [ app_init ] --END-- [ RunTime:0.000429s ]

[ 2016-01-02T19:43:42+08:00 ] 127.0.0.1 /Linsanity.cc-TP/Uploads/Imageads/130X90/5624da15a9627.gif
INFO: [ app_init ] --START--
INFO: Run Behavior\BuildLiteBehavior [ RunTime:0.000030s ]
INFO: [ app_init ] --END-- [ RunTime:0.000708s ]

[ 2016-01-02T19:44:12+08:00 ] 127.0.0.1 /Linsanity.cc-TP/Public/css/__APP__/Public/images/bg-button-green.gif
INFO: [ app_init ] --START--
INFO: Run Behavior\BuildLiteBehavior [ RunTime:0.000030s ]
INFO: [ app_init ] --END-- [ RunTime:0.000728s ]

[ 2016-01-02T22:09:31+08:00 ] 127.0.0.1 /Linsanity.cc-TP/
INFO: [ app_init ] --START--
INFO: Run Behavior\BuildLiteBehavior [ RunTime:0.000019s ]
INFO: [ app_init ] --END-- [ RunTime:0.000480s ]
INFO: [ app_begin ] --START--
INFO: Run Behavior\ReadHtmlCacheBehavior [ RunTime:0.001227s ]
INFO: [ app_begin ] --END-- [ RunTime:0.001347s ]
SQL: SHOW COLUMNS FROM `category` [ RunTime:0.0020s ]
SQL: SELECT * FROM `category` WHERE ( isshow=1 ) ORDER BY corder asc  [ RunTime:0.0005s ]
SQL: SHOW COLUMNS FROM `textads` [ RunTime:0.0022s ]
SQL: SELECT * FROM `textads` ORDER BY id desc LIMIT 0,4   [ RunTime:0.0004s ]
INFO: [ view_parse ] --START--
INFO: [ template_filter ] --START--
INFO: Run Behavior\ContentReplaceBehavior [ RunTime:0.000076s ]
INFO: [ template_filter ] --END-- [ RunTime:0.000143s ]
INFO: Run Behavior\ParseTemplateBehavior [ RunTime:0.013851s ]
INFO: [ view_parse ] --END-- [ RunTime:0.013959s ]
INFO: [ view_filter ] --START--
INFO: Run Behavior\WriteHtmlCacheBehavior [ RunTime:0.000467s ]
INFO: [ view_filter ] --END-- [ RunTime:0.000519s ]
SQL: SELECT * FROM `textads` ORDER BY id desc LIMIT 4,8   [ RunTime:0.0004s ]
SQL: SELECT * FROM `textads` ORDER BY id desc LIMIT 12,8   [ RunTime:0.0002s ]
SQL: SELECT * FROM `textads` ORDER BY id desc LIMIT 20,8   [ RunTime:0.0002s ]
SQL: SELECT * FROM `textads` ORDER BY id desc LIMIT 28,8   [ RunTime:0.0003s ]
SQL: SELECT * FROM `textads` ORDER BY id desc LIMIT 36,8   [ RunTime:0.0002s ]
SQL: SELECT * FROM `textads` ORDER BY id desc LIMIT 44,8   [ RunTime:0.0002s ]
SQL: SHOW COLUMNS FROM `imagetype` [ RunTime:0.0017s ]
SQL: SHOW COLUMNS FROM `imageads` [ RunTime:0.0017s ]
SQL: SELECT * FROM `imagetype` WHERE ( typename='1000X90' )  [ RunTime:0.0003s ]
SQL: SELECT * FROM `imageads` WHERE ( tid=1 ) ORDER BY id desc LIMIT 0,1   [ RunTime:0.0003s ]
SQL: SELECT * FROM `imageads` WHERE ( tid=1 ) ORDER BY id desc LIMIT 1,1   [ RunTime:0.0003s ]
SQL: SELECT * FROM `imageads` WHERE ( tid=1 ) ORDER BY id desc LIMIT 2,1   [ RunTime:0.0003s ]
SQL: SELECT * FROM `imagetype` WHERE ( typename='130X90' )  [ RunTime:0.0002s ]
SQL: SELECT * FROM `imageads` WHERE ( tid=2 ) ORDER BY id desc LIMIT 0,7   [ RunTime:0.0003s ]
SQL: SHOW COLUMNS FROM `news` [ RunTime:0.0018s ]
SQL: SELECT * FROM `category` WHERE ( title='疯狂视频' )  [ RunTime:0.0003s ]
SQL: SELECT * FROM `news` WHERE ( cateid=1 ) ORDER BY id desc LIMIT 0,14   [ RunTime:0.0007s ]
SQL: SELECT * FROM `category` WHERE ( title='疯狂新闻' )  [ RunTime:0.0004s ]
SQL: SELECT * FROM `news` WHERE ( cateid=2 ) ORDER BY id desc LIMIT 0,14   [ RunTime:0.0006s ]
SQL: SELECT * FROM `category` WHERE ( title='疯狂体育' )  [ RunTime:0.0004s ]
SQL: SELECT * FROM `news` WHERE ( cateid=3 ) ORDER BY id desc LIMIT 0,14   [ RunTime:0.0007s ]
SQL: SELECT * FROM `category` WHERE ( title='疯狂趣事' )  [ RunTime:0.0004s ]
SQL: SELECT * FROM `news` WHERE ( cateid=4 ) ORDER BY id desc LIMIT 0,14   [ RunTime:0.0005s ]
SQL: SELECT * FROM `category` WHERE ( title='疯狂科技' )  [ RunTime:0.0003s ]
SQL: SELECT * FROM `news` WHERE ( cateid=5 ) ORDER BY id desc LIMIT 0,14   [ RunTime:0.0004s ]
SQL: SELECT * FROM `category` WHERE ( title='疯狂娱乐' )  [ RunTime:0.0003s ]
SQL: SELECT * FROM `news` WHERE ( cateid=6 ) ORDER BY id desc LIMIT 0,14   [ RunTime:0.0005s ]
SQL: SHOW COLUMNS FROM `games` [ RunTime:0.0017s ]
SQL: SELECT * FROM `category` WHERE ( title='林疯狂' )  [ RunTime:0.0003s ]
SQL: SELECT * FROM `games` WHERE ( cateid=7 ) ORDER BY dates desc LIMIT 0,14   [ RunTime:0.0004s ]
SQL: SELECT * FROM `category` WHERE ( title='赛季经典' )  [ RunTime:0.0002s ]
SQL: SELECT * FROM `games` WHERE ( cateid=8 ) ORDER BY dates desc LIMIT 0,14   [ RunTime:0.0005s ]
SQL: SELECT * FROM `category` WHERE ( title='关于疯狂' )  [ RunTime:0.0004s ]
SQL: SELECT * FROM `news` WHERE ( cateid=9 ) ORDER BY id desc LIMIT 0,14   [ RunTime:0.0007s ]
SQL: SELECT * FROM `category` WHERE ( title='友情链接' )  [ RunTime:0.0003s ]
SQL: SELECT * FROM `news` WHERE ( cateid=10 ) ORDER BY id asc LIMIT 0,18   [ RunTime:0.0004s ]
SQL: SELECT * FROM `news` WHERE ( cateid=10 ) ORDER BY id asc LIMIT 18,18   [ RunTime:0.0006s ]
SQL: SELECT * FROM `category` WHERE ( title='尾部信息' )  [ RunTime:0.0002s ]
SQL: SELECT * FROM `news` WHERE ( cateid=11 ) ORDER BY id asc  [ RunTime:0.0005s ]
INFO: [ view_parse ] --START--
INFO: [ template_filter ] --START--
INFO: Run Behavior\ContentReplaceBehavior [ RunTime:0.000108s ]
INFO: [ template_filter ] --END-- [ RunTime:-0.050606s ]
INFO: Run Behavior\ParseTemplateBehavior [ RunTime:0.024665s ]
INFO: [ view_parse ] --END-- [ RunTime:-0.028566s ]
INFO: [ view_filter ] --START--
INFO: Run Behavior\WriteHtmlCacheBehavior [ RunTime:0.000018s ]
INFO: [ view_filter ] --END-- [ RunTime:-0.052781s ]
NOTIC: [2] Cannot modify header information - headers already sent by (output started at H:\www\Linsanity.cc-TP\ThinkPHP\Library\Think\View.class.php:95) H:\www\Linsanity.cc-TP\ThinkPHP\Library\Think\View.class.php 第 91 行.
NOTIC: [2] Cannot modify header information - headers already sent by (output started at H:\www\Linsanity.cc-TP\ThinkPHP\Library\Think\View.class.php:95) H:\www\Linsanity.cc-TP\ThinkPHP\Library\Think\View.class.php 第 92 行.
NOTIC: [2] Cannot modify header information - headers already sent by (output started at H:\www\Linsanity.cc-TP\ThinkPHP\Library\Think\View.class.php:95) H:\www\Linsanity.cc-TP\ThinkPHP\Library\Think\View.class.php 第 93 行.
INFO: [ app_end ] --START--
INFO: Run Behavior\ShowPageTraceBehavior [ RunTime:0.001032s ]
INFO: [ app_end ] --END-- [ RunTime:0.001115s ]

[ 2016-01-02T22:09:32+08:00 ] 127.0.0.1 /Linsanity.cc-TP/Uploads/Imageads/1000X90/5624cc30cb645.jpg
INFO: [ app_init ] --START--
INFO: Run Behavior\BuildLiteBehavior [ RunTime:0.000030s ]
INFO: [ app_init ] --END-- [ RunTime:0.000603s ]

[ 2016-01-02T22:09:32+08:00 ] 127.0.0.1 /Linsanity.cc-TP/Uploads/Imageads/130X90/5624dd6c9f846.jpg
INFO: [ app_init ] --START--
INFO: Run Behavior\BuildLiteBehavior [ RunTime:0.000032s ]
INFO: [ app_init ] --END-- [ RunTime:0.000796s ]

[ 2016-01-02T22:09:32+08:00 ] 127.0.0.1 /Linsanity.cc-TP/Uploads/Imageads/130X90/5635f991801f4.gif
INFO: [ app_init ] --START--
INFO: Run Behavior\BuildLiteBehavior [ RunTime:0.000028s ]
INFO: [ app_init ] --END-- [ RunTime:0.000591s ]

[ 2016-01-02T22:09:32+08:00 ] 127.0.0.1 /Linsanity.cc-TP/Uploads/Imageads/130X90/5636060664dc3.gif
INFO: [ app_init ] --START--
INFO: Run Behavior\BuildLiteBehavior [ RunTime:0.000033s ]
INFO: [ app_init ] --END-- [ RunTime:0.000704s ]

[ 2016-01-02T22:09:32+08:00 ] 127.0.0.1 /Linsanity.cc-TP/Uploads/Imageads/130X90/563605b92f7d6.gif
INFO: [ app_init ] --START--
INFO: Run Behavior\BuildLiteBehavior [ RunTime:0.000027s ]
INFO: [ app_init ] --END-- [ RunTime:0.000678s ]

[ 2016-01-02T22:09:32+08:00 ] 127.0.0.1 /Linsanity.cc-TP/Uploads/Imageads/1000X90/5624cbd35583a.jpg
INFO: [ app_init ] --START--
INFO: Run Behavior\BuildLiteBehavior [ RunTime:0.000026s ]
INFO: [ app_init ] --END-- [ RunTime:0.000584s ]

[ 2016-01-02T22:09:32+08:00 ] 127.0.0.1 /Linsanity.cc-TP/Uploads/Imageads/130X90/5624da15a9627.gif
INFO: [ app_init ] --START--
INFO: Run Behavior\BuildLiteBehavior [ RunTime:0.000030s ]
INFO: [ app_init ] --END-- [ RunTime:0.000649s ]

[ 2016-01-02T22:09:32+08:00 ] 127.0.0.1 /Linsanity.cc-TP/Uploads/Imageads/130X90/563606422133f.gif
INFO: [ app_init ] --START--
INFO: Run Behavior\BuildLiteBehavior [ RunTime:0.000029s ]
INFO: [ app_init ] --END-- [ RunTime:0.000827s ]

[ 2016-01-02T22:09:32+08:00 ] 127.0.0.1 /Linsanity.cc-TP/Uploads/Imageads/130X90/5624dc59c8e3c.gif
INFO: [ app_init ] --START--
INFO: Run Behavior\BuildLiteBehavior [ RunTime:0.000028s ]
INFO: [ app_init ] --END-- [ RunTime:0.000746s ]

[ 2016-01-02T22:09:32+08:00 ] 127.0.0.1 /Linsanity.cc-TP/Uploads/Imageads/1000X90/5624cc3e373c3.jpg
INFO: [ app_init ] --START--
INFO: Run Behavior\BuildLiteBehavior [ RunTime:0.000057s ]
INFO: [ app_init ] --END-- [ RunTime:0.001717s ]

[ 2016-01-02T22:10:28+08:00 ] 127.0.0.1 /Linsanity.cc-TP/Public/css/__APP__/Public/images/bg-button-green.gif
INFO: [ app_init ] --START--
INFO: Run Behavior\BuildLiteBehavior [ RunTime:0.000030s ]
INFO: [ app_init ] --END-- [ RunTime:0.000800s ]

[ 2016-01-02T22:10:50+08:00 ] 127.0.0.1 /Linsanity.cc-TP/Uploads/Imageads/1000X90/5624cc3e373c3.jpg
INFO: [ app_init ] --START--
INFO: Run Behavior\BuildLiteBehavior [ RunTime:0.000031s ]
INFO: [ app_init ] --END-- [ RunTime:0.000624s ]

[ 2016-01-02T22:10:50+08:00 ] 127.0.0.1 /Linsanity.cc-TP/Uploads/Imageads/1000X90/5624cbd35583a.jpg
INFO: [ app_init ] --START--
INFO: Run Behavior\BuildLiteBehavior [ RunTime:0.000028s ]
INFO: [ app_init ] --END-- [ RunTime:0.000678s ]

[ 2016-01-02T22:10:50+08:00 ] 127.0.0.1 /Linsanity.cc-TP/Uploads/Imageads/1000X90/5624cc30cb645.jpg
INFO: [ app_init ] --START--
INFO: Run Behavior\BuildLiteBehavior [ RunTime:0.000030s ]
INFO: [ app_init ] --END-- [ RunTime:0.000661s ]

[ 2016-01-02T22:11:09+08:00 ] 127.0.0.1 /Linsanity.cc-TP/
INFO: [ app_init ] --START--
INFO: Run Behavior\BuildLiteBehavior [ RunTime:0.000024s ]
INFO: [ app_init ] --END-- [ RunTime:0.000559s ]
INFO: [ app_begin ] --START--
INFO: Run Behavior\ReadHtmlCacheBehavior [ RunTime:0.001199s ]
INFO: [ app_begin ] --END-- [ RunTime:0.001295s ]
SQL: SHOW COLUMNS FROM `category` [ RunTime:0.0020s ]
SQL: SELECT * FROM `category` WHERE ( isshow=1 ) ORDER BY corder asc  [ RunTime:0.0005s ]
SQL: SHOW COLUMNS FROM `textads` [ RunTime:0.0021s ]
SQL: SELECT * FROM `textads` ORDER BY id desc LIMIT 0,4   [ RunTime:0.0003s ]
INFO: [ view_parse ] --START--
INFO: [ template_filter ] --START--
INFO: Run Behavior\ContentReplaceBehavior [ RunTime:0.000109s ]
INFO: [ template_filter ] --END-- [ RunTime:0.000212s ]
INFO: Run Behavior\ParseTemplateBehavior [ RunTime:0.014545s ]
INFO: [ view_parse ] --END-- [ RunTime:0.014635s ]
INFO: [ view_filter ] --START--
INFO: Run Behavior\WriteHtmlCacheBehavior [ RunTime:0.000633s ]
INFO: [ view_filter ] --END-- [ RunTime:0.000686s ]
SQL: SELECT * FROM `textads` ORDER BY id desc LIMIT 4,8   [ RunTime:0.0004s ]
SQL: SELECT * FROM `textads` ORDER BY id desc LIMIT 12,8   [ RunTime:0.0002s ]
SQL: SELECT * FROM `textads` ORDER BY id desc LIMIT 20,8   [ RunTime:0.0002s ]
SQL: SELECT * FROM `textads` ORDER BY id desc LIMIT 28,8   [ RunTime:0.0002s ]
SQL: SELECT * FROM `textads` ORDER BY id desc LIMIT 36,8   [ RunTime:0.0002s ]
SQL: SELECT * FROM `textads` ORDER BY id desc LIMIT 44,8   [ RunTime:0.0002s ]
SQL: SHOW COLUMNS FROM `imagetype` [ RunTime:0.0017s ]
SQL: SHOW COLUMNS FROM `imageads` [ RunTime:0.0017s ]
SQL: SELECT * FROM `imagetype` WHERE ( typename='1000X90' )  [ RunTime:0.0004s ]
SQL: SELECT * FROM `imageads` WHERE ( tid=1 ) ORDER BY id desc LIMIT 0,1   [ RunTime:0.0005s ]
SQL: SELECT * FROM `imageads` WHERE ( tid=1 ) ORDER BY id desc LIMIT 1,1   [ RunTime:0.0003s ]
SQL: SELECT * FROM `imageads` WHERE ( tid=1 ) ORDER BY id desc LIMIT 2,1   [ RunTime:0.0003s ]
SQL: SELECT * FROM `imagetype` WHERE ( typename='130X90' )  [ RunTime:0.0002s ]
SQL: SELECT * FROM `imageads` WHERE ( tid=2 ) ORDER BY id desc LIMIT 0,7   [ RunTime:0.0003s ]
SQL: SHOW COLUMNS FROM `news` [ RunTime:0.0021s ]
SQL: SELECT * FROM `category` WHERE ( title='疯狂视频' )  [ RunTime:0.0005s ]
SQL: SELECT * FROM `news` WHERE ( cateid=1 ) ORDER BY id desc LIMIT 0,14   [ RunTime:0.0007s ]
SQL: SELECT * FROM `category` WHERE ( title='疯狂新闻' )  [ RunTime:0.0002s ]
SQL: SELECT * FROM `news` WHERE ( cateid=2 ) ORDER BY id desc LIMIT 0,14   [ RunTime:0.0005s ]
SQL: SELECT * FROM `category` WHERE ( title='疯狂体育' )  [ RunTime:0.0002s ]
SQL: SELECT * FROM `news` WHERE ( cateid=3 ) ORDER BY id desc LIMIT 0,14   [ RunTime:0.0005s ]
SQL: SELECT * FROM `category` WHERE ( title='疯狂趣事' )  [ RunTime:0.0003s ]
SQL: SELECT * FROM `news` WHERE ( cateid=4 ) ORDER BY id desc LIMIT 0,14   [ RunTime:0.0005s ]
SQL: SELECT * FROM `category` WHERE ( title='疯狂科技' )  [ RunTime:0.0003s ]
SQL: SELECT * FROM `news` WHERE ( cateid=5 ) ORDER BY id desc LIMIT 0,14   [ RunTime:0.0005s ]
SQL: SELECT * FROM `category` WHERE ( title='疯狂娱乐' )  [ RunTime:0.0003s ]
SQL: SELECT * FROM `news` WHERE ( cateid=6 ) ORDER BY id desc LIMIT 0,14   [ RunTime:0.0006s ]
SQL: SHOW COLUMNS FROM `games` [ RunTime:0.0019s ]
SQL: SELECT * FROM `category` WHERE ( title='林疯狂' )  [ RunTime:0.0003s ]
SQL: SELECT * FROM `games` WHERE ( cateid=7 ) ORDER BY dates desc LIMIT 0,14   [ RunTime:0.0006s ]
SQL: SELECT * FROM `category` WHERE ( title='赛季经典' )  [ RunTime:0.0004s ]
SQL: SELECT * FROM `games` WHERE ( cateid=8 ) ORDER BY dates desc LIMIT 0,14   [ RunTime:0.0007s ]
SQL: SELECT * FROM `category` WHERE ( title='关于疯狂' )  [ RunTime:0.0004s ]
SQL: SELECT * FROM `news` WHERE ( cateid=9 ) ORDER BY id desc LIMIT 0,14   [ RunTime:0.0010s ]
SQL: SELECT * FROM `category` WHERE ( title='友情链接' )  [ RunTime:0.0003s ]
SQL: SELECT * FROM `news` WHERE ( cateid=10 ) ORDER BY id asc LIMIT 0,18   [ RunTime:0.0004s ]
SQL: SELECT * FROM `news` WHERE ( cateid=10 ) ORDER BY id asc LIMIT 18,18   [ RunTime:0.0008s ]
SQL: SELECT * FROM `category` WHERE ( title='尾部信息' )  [ RunTime:0.0004s ]
SQL: SELECT * FROM `news` WHERE ( cateid=11 ) ORDER BY id asc  [ RunTime:0.0006s ]
INFO: [ view_parse ] --START--
INFO: [ template_filter ] --START--
INFO: Run Behavior\ContentReplaceBehavior [ RunTime:0.000106s ]
INFO: [ template_filter ] --END-- [ RunTime:-0.056407s ]
INFO: Run Behavior\ParseTemplateBehavior [ RunTime:0.027357s ]
INFO: [ view_parse ] --END-- [ RunTime:-0.031930s ]
INFO: [ view_filter ] --START--
INFO: Run Behavior\WriteHtmlCacheBehavior [ RunTime:0.000019s ]
INFO: [ view_filter ] --END-- [ RunTime:-0.058683s ]
NOTIC: [2] Cannot modify header information - headers already sent by (output started at H:\www\Linsanity.cc-TP\ThinkPHP\Library\Think\View.class.php:95) H:\www\Linsanity.cc-TP\ThinkPHP\Library\Think\View.class.php 第 91 行.
NOTIC: [2] Cannot modify header information - headers already sent by (output started at H:\www\Linsanity.cc-TP\ThinkPHP\Library\Think\View.class.php:95) H:\www\Linsanity.cc-TP\ThinkPHP\Library\Think\View.class.php 第 92 行.
NOTIC: [2] Cannot modify header information - headers already sent by (output started at H:\www\Linsanity.cc-TP\ThinkPHP\Library\Think\View.class.php:95) H:\www\Linsanity.cc-TP\ThinkPHP\Library\Think\View.class.php 第 93 行.
INFO: [ app_end ] --START--
INFO: Run Behavior\ShowPageTraceBehavior [ RunTime:0.002349s ]
INFO: [ app_end ] --END-- [ RunTime:0.002544s ]

[ 2016-01-02T22:11:09+08:00 ] 127.0.0.1 /Linsanity.cc-TP/Uploads/Imageads/1000X90/5624cc30cb645.jpg
INFO: [ app_init ] --START--
INFO: Run Behavior\BuildLiteBehavior [ RunTime:0.000030s ]
INFO: [ app_init ] --END-- [ RunTime:0.000689s ]

[ 2016-01-02T22:11:09+08:00 ] 127.0.0.1 /Linsanity.cc-TP/Uploads/Imageads/130X90/563605b92f7d6.gif
INFO: [ app_init ] --START--
INFO: Run Behavior\BuildLiteBehavior [ RunTime:0.000031s ]
INFO: [ app_init ] --END-- [ RunTime:0.000773s ]

[ 2016-01-02T22:11:09+08:00 ] 127.0.0.1 /Linsanity.cc-TP/Uploads/Imageads/130X90/5636060664dc3.gif
INFO: [ app_init ] --START--
INFO: Run Behavior\BuildLiteBehavior [ RunTime:0.000055s ]
INFO: [ app_init ] --END-- [ RunTime:0.000826s ]

[ 2016-01-02T22:11:09+08:00 ] 127.0.0.1 /Linsanity.cc-TP/Uploads/Imageads/130X90/5635f991801f4.gif
INFO: [ app_init ] --START--
INFO: Run Behavior\BuildLiteBehavior [ RunTime:0.000026s ]
INFO: [ app_init ] --END-- [ RunTime:0.000659s ]

[ 2016-01-02T22:11:09+08:00 ] 127.0.0.1 /Linsanity.cc-TP/Uploads/Imageads/1000X90/5624cbd35583a.jpg
INFO: [ app_init ] --START--
INFO: Run Behavior\BuildLiteBehavior [ RunTime:0.000026s ]
INFO: [ app_init ] --END-- [ RunTime:0.000591s ]

[ 2016-01-02T22:11:09+08:00 ] 127.0.0.1 /Linsanity.cc-TP/Uploads/Imageads/130X90/5624da15a9627.gif
INFO: [ app_init ] --START--
INFO: Run Behavior\BuildLiteBehavior [ RunTime:0.000023s ]
INFO: [ app_init ] --END-- [ RunTime:0.000560s ]

[ 2016-01-02T22:11:09+08:00 ] 127.0.0.1 /Linsanity.cc-TP/Uploads/Imageads/130X90/563606422133f.gif
INFO: [ app_init ] --START--
INFO: Run Behavior\BuildLiteBehavior [ RunTime:0.000027s ]
INFO: [ app_init ] --END-- [ RunTime:0.000589s ]

[ 2016-01-02T22:11:09+08:00 ] 127.0.0.1 /Linsanity.cc-TP/Uploads/Imageads/130X90/5624dd6c9f846.jpg
INFO: [ app_init ] --START--
INFO: Run Behavior\BuildLiteBehavior [ RunTime:0.000026s ]
INFO: [ app_init ] --END-- [ RunTime:0.000666s ]

[ 2016-01-02T22:11:09+08:00 ] 127.0.0.1 /Linsanity.cc-TP/Uploads/Imageads/1000X90/5624cc3e373c3.jpg
INFO: [ app_init ] --START--
INFO: Run Behavior\BuildLiteBehavior [ RunTime:0.000036s ]
INFO: [ app_init ] --END-- [ RunTime:0.000802s ]

[ 2016-01-02T22:11:09+08:00 ] 127.0.0.1 /Linsanity.cc-TP/Uploads/Imageads/130X90/5624dc59c8e3c.gif
INFO: [ app_init ] --START--
INFO: Run Behavior\BuildLiteBehavior [ RunTime:0.000038s ]
INFO: [ app_init ] --END-- [ RunTime:0.000834s ]

[ 2016-01-02T22:57:34+08:00 ] 127.0.0.1 /Linsanity.cc-TP/Public/css/__APP__/Public/images/bg-button-green.gif
INFO: [ app_init ] --START--
INFO: Run Behavior\BuildLiteBehavior [ RunTime:0.000023s ]
INFO: [ app_init ] --END-- [ RunTime:0.000632s ]

[ 2016-01-02T23:20:57+08:00 ] 127.0.0.1 /Linsanity.cc-TP/Uploads/Imageads/1000X90/5624cbd35583a.jpg
INFO: [ app_init ] --START--
INFO: Run Behavior\BuildLiteBehavior [ RunTime:0.000030s ]
INFO: [ app_init ] --END-- [ RunTime:0.000697s ]

[ 2016-01-02T23:20:57+08:00 ] 127.0.0.1 /Linsanity.cc-TP/Uploads/Imageads/1000X90/5624cc30cb645.jpg
INFO: [ app_init ] --START--
INFO: Run Behavior\BuildLiteBehavior [ RunTime:0.000062s ]
INFO: [ app_init ] --END-- [ RunTime:0.000729s ]

[ 2016-01-02T23:20:57+08:00 ] 127.0.0.1 /Linsanity.cc-TP/Uploads/Imageads/1000X90/5624cc3e373c3.jpg
INFO: [ app_init ] --START--
INFO: Run Behavior\BuildLiteBehavior [ RunTime:0.000027s ]
INFO: [ app_init ] --END-- [ RunTime:0.000746s ]

[ 2016-01-02T23:21:05+08:00 ] 127.0.0.1 /Linsanity.cc-TP/Uploads/Imageads/130X90/5636060664dc3.gif
INFO: [ app_init ] --START--
INFO: Run Behavior\BuildLiteBehavior [ RunTime:0.000030s ]
INFO: [ app_init ] --END-- [ RunTime:0.000597s ]

[ 2016-01-02T23:21:05+08:00 ] 127.0.0.1 /Linsanity.cc-TP/Uploads/Imageads/130X90/5624dd6c9f846.jpg
INFO: [ app_init ] --START--
INFO: Run Behavior\BuildLiteBehavior [ RunTime:0.000026s ]
INFO: [ app_init ] --END-- [ RunTime:0.000685s ]

[ 2016-01-02T23:21:05+08:00 ] 127.0.0.1 /Linsanity.cc-TP/Uploads/Imageads/130X90/563605b92f7d6.gif
INFO: [ app_init ] --START--
INFO: Run Behavior\BuildLiteBehavior [ RunTime:0.000031s ]
INFO: [ app_init ] --END-- [ RunTime:0.000797s ]

[ 2016-01-02T23:21:06+08:00 ] 127.0.0.1 /Linsanity.cc-TP/Uploads/Imageads/400X300/5624cfb372249.jpg
INFO: [ app_init ] --START--
INFO: Run Behavior\BuildLiteBehavior [ RunTime:0.000018s ]
INFO: [ app_init ] --END-- [ RunTime:0.000427s ]

[ 2016-01-02T23:21:06+08:00 ] 127.0.0.1 /Linsanity.cc-TP/Uploads/Imageads/400X300/5624d07593143.jpg
INFO: [ app_init ] --START--
INFO: Run Behavior\BuildLiteBehavior [ RunTime:0.000031s ]
INFO: [ app_init ] --END-- [ RunTime:0.000835s ]

[ 2016-01-02T23:21:06+08:00 ] 127.0.0.1 /Linsanity.cc-TP/Uploads/Imageads/400X300/5624d0102b4b7.jpg
INFO: [ app_init ] --START--
INFO: Run Behavior\BuildLiteBehavior [ RunTime:0.000018s ]
INFO: [ app_init ] --END-- [ RunTime:0.000487s ]

[ 2016-01-02T23:21:08+08:00 ] 127.0.0.1 /Linsanity.cc-TP/Uploads/Imageads/1000X90/5624cc3e373c3.jpg
INFO: [ app_init ] --START--
INFO: Run Behavior\BuildLiteBehavior [ RunTime:0.000029s ]
INFO: [ app_init ] --END-- [ RunTime:0.000616s ]

[ 2016-01-02T23:21:08+08:00 ] 127.0.0.1 /Linsanity.cc-TP/Uploads/Imageads/1000X90/5624cc30cb645.jpg
INFO: [ app_init ] --START--
INFO: Run Behavior\BuildLiteBehavior [ RunTime:0.000028s ]
INFO: [ app_init ] --END-- [ RunTime:0.000688s ]

[ 2016-01-02T23:21:08+08:00 ] 127.0.0.1 /Linsanity.cc-TP/Uploads/Imageads/1000X90/5624cbd35583a.jpg
INFO: [ app_init ] --START--
INFO: Run Behavior\BuildLiteBehavior [ RunTime:0.000031s ]
INFO: [ app_init ] --END-- [ RunTime:0.000723s ]

[ 2016-01-02T23:21:09+08:00 ] 127.0.0.1 /Linsanity.cc-TP/Uploads/Imageads/130X90/563605b92f7d6.gif
INFO: [ app_init ] --START--
INFO: Run Behavior\BuildLiteBehavior [ RunTime:0.000030s ]
INFO: [ app_init ] --END-- [ RunTime:0.000616s ]

[ 2016-01-02T23:21:09+08:00 ] 127.0.0.1 /Linsanity.cc-TP/Uploads/Imageads/130X90/5636060664dc3.gif
INFO: [ app_init ] --START--
INFO: Run Behavior\BuildLiteBehavior [ RunTime:0.000029s ]
INFO: [ app_init ] --END-- [ RunTime:0.000734s ]

[ 2016-01-02T23:21:09+08:00 ] 127.0.0.1 /Linsanity.cc-TP/Uploads/Imageads/130X90/5624dd6c9f846.jpg
INFO: [ app_init ] --START--
INFO: Run Behavior\BuildLiteBehavior [ RunTime:0.000032s ]
INFO: [ app_init ] --END-- [ RunTime:0.000661s ]

[ 2016-01-02T23:21:09+08:00 ] 127.0.0.1 /Linsanity.cc-TP/Uploads/Imageads/400X300/5624cfb372249.jpg
INFO: [ app_init ] --START--
INFO: Run Behavior\BuildLiteBehavior [ RunTime:0.000032s ]
INFO: [ app_init ] --END-- [ RunTime:0.000756s ]

[ 2016-01-02T23:21:09+08:00 ] 127.0.0.1 /Linsanity.cc-TP/Uploads/Imageads/400X300/5624d07593143.jpg
INFO: [ app_init ] --START--
INFO: Run Behavior\BuildLiteBehavior [ RunTime:0.000062s ]
INFO: [ app_init ] --END-- [ RunTime:0.000742s ]

[ 2016-01-02T23:21:09+08:00 ] 127.0.0.1 /Linsanity.cc-TP/Uploads/Imageads/400X300/5624d0102b4b7.jpg
INFO: [ app_init ] --START--
INFO: Run Behavior\BuildLiteBehavior [ RunTime:0.000034s ]
INFO: [ app_init ] --END-- [ RunTime:0.000561s ]

