[ 2016-01-01T21:34:24+08:00 ] 127.0.0.1 /Linsanity.cc-TP/Home/Detail/games/id/8
INFO: [ app_init ] --START--
INFO: Run Behavior\BuildLiteBehavior [ RunTime:0.000039s ]
INFO: [ app_init ] --END-- [ RunTime:0.001157s ]
INFO: [ app_begin ] --START--
INFO: Run Behavior\ReadHtmlCacheBehavior [ RunTime:0.001591s ]
INFO: [ app_begin ] --END-- [ RunTime:0.001664s ]
SQL: SHOW COLUMNS FROM `category` [ RunTime:0.0010s ]
SQL: SELECT * FROM `category` WHERE ( isshow=1 ) ORDER BY corder asc  [ RunTime:0.0005s ]
SQL: SHOW COLUMNS FROM `textads` [ RunTime:0.0006s ]
SQL: SELECT * FROM `textads` ORDER BY id desc LIMIT 0,4   [ RunTime:0.0002s ]
INFO: [ view_parse ] --START--
INFO: [ template_filter ] --START--
INFO: Run Behavior\ContentReplaceBehavior [ RunTime:0.000077s ]
INFO: [ template_filter ] --END-- [ RunTime:0.000137s ]
INFO: Run Behavior\ParseTemplateBehavior [ RunTime:0.017505s ]
INFO: [ view_parse ] --END-- [ RunTime:0.017577s ]
INFO: [ view_filter ] --START--
INFO: Run Behavior\WriteHtmlCacheBehavior [ RunTime:0.001339s ]
INFO: [ view_filter ] --END-- [ RunTime:0.001392s ]
SQL: SHOW COLUMNS FROM `imagetype` [ RunTime:0.0007s ]
SQL: SHOW COLUMNS FROM `imageads` [ RunTime:0.0007s ]
SQL: SELECT * FROM `imagetype` WHERE ( typename='130X90' )  [ RunTime:0.0003s ]
SQL: SELECT * FROM `imageads` WHERE ( tid=2 ) ORDER BY id desc LIMIT 7,6   [ RunTime:0.0007s ]
SQL: SELECT * FROM `imagetype` WHERE ( typename='400X300' )  [ RunTime:0.0004s ]
SQL: SELECT * FROM `imageads` WHERE ( tid=3 ) ORDER BY id desc LIMIT 0,7   [ RunTime:0.0004s ]
SQL: SELECT * FROM `category` WHERE ( id=8 )  [ RunTime:0.0003s ]
SQL: SHOW COLUMNS FROM `games` [ RunTime:0.0008s ]
SQL: SELECT count(*) as num FROM `games` WHERE ( cateid=8 )  [ RunTime:0.0003s ]
SQL: SELECT * FROM `games` WHERE ( cateid=8 ) ORDER BY dates desc LIMIT 0,17   [ RunTime:0.0005s ]
SQL: SELECT * FROM `category` WHERE ( title='友情链接' )  [ RunTime:0.0003s ]
SQL: SHOW COLUMNS FROM `news` [ RunTime:0.0009s ]
SQL: SELECT * FROM `news` WHERE ( cateid=10 ) ORDER BY id asc LIMIT 0,18   [ RunTime:0.0006s ]
SQL: SELECT * FROM `news` WHERE ( cateid=10 ) ORDER BY id asc LIMIT 18,18   [ RunTime:0.0004s ]
SQL: SELECT * FROM `category` WHERE ( title='尾部信息' )  [ RunTime:0.0003s ]
SQL: SELECT * FROM `news` WHERE ( cateid=11 ) ORDER BY id asc  [ RunTime:0.0004s ]
INFO: [ view_parse ] --START--
INFO: [ template_filter ] --START--
INFO: Run Behavior\ContentReplaceBehavior [ RunTime:0.000053s ]
INFO: [ template_filter ] --END-- [ RunTime:-0.027490s ]
INFO: Run Behavior\ParseTemplateBehavior [ RunTime:0.011520s ]
INFO: [ view_parse ] --END-- [ RunTime:-0.015640s ]
INFO: [ view_filter ] --START--
INFO: Run Behavior\WriteHtmlCacheBehavior [ RunTime:0.000022s ]
INFO: [ view_filter ] --END-- [ RunTime:-0.025867s ]
NOTIC: [2] Cannot modify header information - headers already sent by (output started at H:\www\Linsanity.cc-TP\ThinkPHP\Library\Think\View.class.php:95) H:\www\Linsanity.cc-TP\ThinkPHP\Library\Think\View.class.php 第 91 行.
NOTIC: [2] Cannot modify header information - headers already sent by (output started at H:\www\Linsanity.cc-TP\ThinkPHP\Library\Think\View.class.php:95) H:\www\Linsanity.cc-TP\ThinkPHP\Library\Think\View.class.php 第 92 行.
NOTIC: [2] Cannot modify header information - headers already sent by (output started at H:\www\Linsanity.cc-TP\ThinkPHP\Library\Think\View.class.php:95) H:\www\Linsanity.cc-TP\ThinkPHP\Library\Think\View.class.php 第 93 行.
INFO: [ app_end ] --START--
INFO: Run Behavior\ShowPageTraceBehavior [ RunTime:0.002412s ]
INFO: [ app_end ] --END-- [ RunTime:0.002494s ]

[ 2016-01-01T21:34:28+08:00 ] 127.0.0.1 /Linsanity.cc-TP/Home/Detail/games/id/8
INFO: [ app_init ] --START--
INFO: Run Behavior\BuildLiteBehavior [ RunTime:0.000016s ]
INFO: [ app_init ] --END-- [ RunTime:0.000551s ]
INFO: [ app_begin ] --START--
INFO: Run Behavior\ReadHtmlCacheBehavior [ RunTime:0.000906s ]
INFO: [ app_begin ] --END-- [ RunTime:0.000973s ]
SQL: SHOW COLUMNS FROM `category` [ RunTime:0.0007s ]
SQL: SELECT * FROM `category` WHERE ( isshow=1 ) ORDER BY corder asc  [ RunTime:0.0004s ]
SQL: SHOW COLUMNS FROM `textads` [ RunTime:0.0006s ]
SQL: SELECT * FROM `textads` ORDER BY id desc LIMIT 0,4   [ RunTime:0.0002s ]
INFO: [ view_parse ] --START--
INFO: [ template_filter ] --START--
INFO: Run Behavior\ContentReplaceBehavior [ RunTime:0.000076s ]
INFO: [ template_filter ] --END-- [ RunTime:0.000138s ]
INFO: Run Behavior\ParseTemplateBehavior [ RunTime:0.017460s ]
INFO: [ view_parse ] --END-- [ RunTime:0.017560s ]
INFO: [ view_filter ] --START--
INFO: Run Behavior\WriteHtmlCacheBehavior [ RunTime:0.000874s ]
INFO: [ view_filter ] --END-- [ RunTime:0.000950s ]
SQL: SHOW COLUMNS FROM `imagetype` [ RunTime:0.0007s ]
SQL: SHOW COLUMNS FROM `imageads` [ RunTime:0.0010s ]
SQL: SELECT * FROM `imagetype` WHERE ( typename='130X90' )  [ RunTime:0.0004s ]
SQL: SELECT * FROM `imageads` WHERE ( tid=2 ) ORDER BY id desc LIMIT 7,6   [ RunTime:0.0003s ]
SQL: SELECT * FROM `imagetype` WHERE ( typename='400X300' )  [ RunTime:0.0002s ]
SQL: SELECT * FROM `imageads` WHERE ( tid=3 ) ORDER BY id desc LIMIT 0,7   [ RunTime:0.0002s ]
SQL: SELECT * FROM `category` WHERE ( id=8 )  [ RunTime:0.0002s ]
SQL: SHOW COLUMNS FROM `games` [ RunTime:0.0007s ]
SQL: SELECT count(*) as num FROM `games` WHERE ( cateid=8 )  [ RunTime:0.0003s ]
SQL: SELECT * FROM `games` WHERE ( cateid=8 ) ORDER BY dates desc LIMIT 0,17   [ RunTime:0.0004s ]
SQL: SELECT * FROM `category` WHERE ( title='友情链接' )  [ RunTime:0.0002s ]
SQL: SHOW COLUMNS FROM `news` [ RunTime:0.0007s ]
SQL: SELECT * FROM `news` WHERE ( cateid=10 ) ORDER BY id asc LIMIT 0,18   [ RunTime:0.0005s ]
SQL: SELECT * FROM `news` WHERE ( cateid=10 ) ORDER BY id asc LIMIT 18,18   [ RunTime:0.0003s ]
SQL: SELECT * FROM `category` WHERE ( title='尾部信息' )  [ RunTime:0.0002s ]
SQL: SELECT * FROM `news` WHERE ( cateid=11 ) ORDER BY id asc  [ RunTime:0.0003s ]
INFO: [ view_parse ] --START--
INFO: [ template_filter ] --START--
INFO: Run Behavior\ContentReplaceBehavior [ RunTime:0.000079s ]
INFO: [ template_filter ] --END-- [ RunTime:-0.022206s ]
INFO: Run Behavior\ParseTemplateBehavior [ RunTime:0.010559s ]
INFO: [ view_parse ] --END-- [ RunTime:-0.012107s ]
INFO: [ view_filter ] --START--
INFO: Run Behavior\WriteHtmlCacheBehavior [ RunTime:0.000021s ]
INFO: [ view_filter ] --END-- [ RunTime:-0.021806s ]
NOTIC: [2] Cannot modify header information - headers already sent by (output started at H:\www\Linsanity.cc-TP\ThinkPHP\Library\Think\View.class.php:95) H:\www\Linsanity.cc-TP\ThinkPHP\Library\Think\View.class.php 第 91 行.
NOTIC: [2] Cannot modify header information - headers already sent by (output started at H:\www\Linsanity.cc-TP\ThinkPHP\Library\Think\View.class.php:95) H:\www\Linsanity.cc-TP\ThinkPHP\Library\Think\View.class.php 第 92 行.
NOTIC: [2] Cannot modify header information - headers already sent by (output started at H:\www\Linsanity.cc-TP\ThinkPHP\Library\Think\View.class.php:95) H:\www\Linsanity.cc-TP\ThinkPHP\Library\Think\View.class.php 第 93 行.
INFO: [ app_end ] --START--
INFO: Run Behavior\ShowPageTraceBehavior [ RunTime:0.001274s ]
INFO: [ app_end ] --END-- [ RunTime:0.001352s ]

[ 2016-01-01T21:34:30+08:00 ] 127.0.0.1 /Linsanity.cc-TP/index.php
INFO: [ app_init ] --START--
INFO: Run Behavior\BuildLiteBehavior [ RunTime:0.000024s ]
INFO: [ app_init ] --END-- [ RunTime:0.000746s ]
INFO: [ app_begin ] --START--
INFO: Run Behavior\ReadHtmlCacheBehavior [ RunTime:0.000876s ]
INFO: [ app_begin ] --END-- [ RunTime:0.000941s ]
SQL: SHOW COLUMNS FROM `category` [ RunTime:0.0020s ]
SQL: SELECT * FROM `category` WHERE ( isshow=1 ) ORDER BY corder asc  [ RunTime:0.0004s ]
SQL: SHOW COLUMNS FROM `textads` [ RunTime:0.0017s ]
SQL: SELECT * FROM `textads` ORDER BY id desc LIMIT 0,4   [ RunTime:0.0003s ]
INFO: [ view_parse ] --START--
INFO: [ template_filter ] --START--
INFO: Run Behavior\ContentReplaceBehavior [ RunTime:0.000083s ]
INFO: [ template_filter ] --END-- [ RunTime:0.000163s ]
INFO: Run Behavior\ParseTemplateBehavior [ RunTime:0.016613s ]
INFO: [ view_parse ] --END-- [ RunTime:0.016721s ]
INFO: [ view_filter ] --START--
INFO: Run Behavior\WriteHtmlCacheBehavior [ RunTime:0.000641s ]
INFO: [ view_filter ] --END-- [ RunTime:0.000692s ]
SQL: SELECT * FROM `textads` ORDER BY id desc LIMIT 4,8   [ RunTime:0.0004s ]
SQL: SELECT * FROM `textads` ORDER BY id desc LIMIT 12,8   [ RunTime:0.0003s ]
SQL: SELECT * FROM `textads` ORDER BY id desc LIMIT 20,8   [ RunTime:0.0002s ]
SQL: SELECT * FROM `textads` ORDER BY id desc LIMIT 28,8   [ RunTime:0.0002s ]
SQL: SELECT * FROM `textads` ORDER BY id desc LIMIT 36,8   [ RunTime:0.0002s ]
SQL: SELECT * FROM `textads` ORDER BY id desc LIMIT 44,8   [ RunTime:0.0002s ]
SQL: SHOW COLUMNS FROM `imagetype` [ RunTime:0.0007s ]
SQL: SHOW COLUMNS FROM `imageads` [ RunTime:0.0006s ]
SQL: SELECT * FROM `imagetype` WHERE ( typename='1000X90' )  [ RunTime:0.0006s ]
SQL: SELECT * FROM `imageads` WHERE ( tid=1 ) ORDER BY id desc LIMIT 0,1   [ RunTime:0.0004s ]
SQL: SELECT * FROM `imageads` WHERE ( tid=1 ) ORDER BY id desc LIMIT 1,1   [ RunTime:0.0003s ]
SQL: SELECT * FROM `imageads` WHERE ( tid=1 ) ORDER BY id desc LIMIT 2,1   [ RunTime:0.0003s ]
SQL: SELECT * FROM `imagetype` WHERE ( typename='130X90' )  [ RunTime:0.0002s ]
SQL: SELECT * FROM `imageads` WHERE ( tid=2 ) ORDER BY id desc LIMIT 0,7   [ RunTime:0.0003s ]
SQL: SHOW COLUMNS FROM `news` [ RunTime:0.0026s ]
SQL: SELECT * FROM `category` WHERE ( title='疯狂视频' )  [ RunTime:0.0003s ]
SQL: SELECT * FROM `news` WHERE ( cateid=1 ) ORDER BY id desc LIMIT 0,14   [ RunTime:0.0005s ]
SQL: SELECT * FROM `category` WHERE ( title='疯狂新闻' )  [ RunTime:0.0002s ]
SQL: SELECT * FROM `news` WHERE ( cateid=2 ) ORDER BY id desc LIMIT 0,14   [ RunTime:0.0003s ]
SQL: SELECT * FROM `category` WHERE ( title='疯狂体育' )  [ RunTime:0.0002s ]
SQL: SELECT * FROM `news` WHERE ( cateid=3 ) ORDER BY id desc LIMIT 0,14   [ RunTime:0.0003s ]
SQL: SELECT * FROM `category` WHERE ( title='疯狂趣事' )  [ RunTime:0.0002s ]
SQL: SELECT * FROM `news` WHERE ( cateid=4 ) ORDER BY id desc LIMIT 0,14   [ RunTime:0.0003s ]
SQL: SELECT * FROM `category` WHERE ( title='疯狂科技' )  [ RunTime:0.0002s ]
SQL: SELECT * FROM `news` WHERE ( cateid=5 ) ORDER BY id desc LIMIT 0,14   [ RunTime:0.0003s ]
SQL: SELECT * FROM `category` WHERE ( title='疯狂娱乐' )  [ RunTime:0.0002s ]
SQL: SELECT * FROM `news` WHERE ( cateid=6 ) ORDER BY id desc LIMIT 0,14   [ RunTime:0.0003s ]
SQL: SHOW COLUMNS FROM `games` [ RunTime:0.0018s ]
SQL: SELECT * FROM `category` WHERE ( title='林疯狂' )  [ RunTime:0.0003s ]
SQL: SELECT * FROM `games` WHERE ( cateid=7 ) ORDER BY dates desc LIMIT 0,14   [ RunTime:0.0004s ]
SQL: SELECT * FROM `category` WHERE ( title='赛季经典' )  [ RunTime:0.0002s ]
SQL: SELECT * FROM `games` WHERE ( cateid=8 ) ORDER BY dates desc LIMIT 0,14   [ RunTime:0.0004s ]
SQL: SELECT * FROM `category` WHERE ( title='关于疯狂' )  [ RunTime:0.0003s ]
SQL: SELECT * FROM `news` WHERE ( cateid=9 ) ORDER BY id desc LIMIT 0,14   [ RunTime:0.0003s ]
SQL: SELECT * FROM `category` WHERE ( title='友情链接' )  [ RunTime:0.0002s ]
SQL: SELECT * FROM `news` WHERE ( cateid=10 ) ORDER BY id asc LIMIT 0,18   [ RunTime:0.0005s ]
SQL: SELECT * FROM `news` WHERE ( cateid=10 ) ORDER BY id asc LIMIT 18,18   [ RunTime:0.0005s ]
SQL: SELECT * FROM `category` WHERE ( title='尾部信息' )  [ RunTime:0.0003s ]
SQL: SELECT * FROM `news` WHERE ( cateid=11 ) ORDER BY id asc  [ RunTime:0.0003s ]
INFO: [ view_parse ] --START--
INFO: [ template_filter ] --START--
INFO: Run Behavior\ContentReplaceBehavior [ RunTime:0.000114s ]
INFO: [ template_filter ] --END-- [ RunTime:-0.053566s ]
INFO: Run Behavior\ParseTemplateBehavior [ RunTime:0.031945s ]
INFO: [ view_parse ] --END-- [ RunTime:-0.023996s ]
INFO: [ view_filter ] --START--
INFO: Run Behavior\WriteHtmlCacheBehavior [ RunTime:0.000023s ]
INFO: [ view_filter ] --END-- [ RunTime:-0.055391s ]
NOTIC: [2] Cannot modify header information - headers already sent by (output started at H:\www\Linsanity.cc-TP\ThinkPHP\Library\Think\View.class.php:95) H:\www\Linsanity.cc-TP\ThinkPHP\Library\Think\View.class.php 第 91 行.
NOTIC: [2] Cannot modify header information - headers already sent by (output started at H:\www\Linsanity.cc-TP\ThinkPHP\Library\Think\View.class.php:95) H:\www\Linsanity.cc-TP\ThinkPHP\Library\Think\View.class.php 第 92 行.
NOTIC: [2] Cannot modify header information - headers already sent by (output started at H:\www\Linsanity.cc-TP\ThinkPHP\Library\Think\View.class.php:95) H:\www\Linsanity.cc-TP\ThinkPHP\Library\Think\View.class.php 第 93 行.
INFO: [ app_end ] --START--
INFO: Run Behavior\ShowPageTraceBehavior [ RunTime:0.001164s ]
INFO: [ app_end ] --END-- [ RunTime:0.001257s ]

[ 2016-01-01T21:35:17+08:00 ] 127.0.0.1 /Linsanity.cc-TP/index.php
INFO: [ app_init ] --START--
INFO: Run Behavior\BuildLiteBehavior [ RunTime:0.000019s ]
INFO: [ app_init ] --END-- [ RunTime:0.000497s ]
INFO: [ app_begin ] --START--
INFO: Run Behavior\ReadHtmlCacheBehavior [ RunTime:0.000762s ]
INFO: [ app_begin ] --END-- [ RunTime:0.000880s ]
ERR: 1146:Table 'linsanity.category' doesn't exist
 [ SQL语句 ] : SHOW COLUMNS FROM `category`
ERR: 1146:Table 'linsanity.category' doesn't exist
 [ SQL语句 ] : SHOW COLUMNS FROM `category`

[ 2016-01-01T21:35:52+08:00 ] 127.0.0.1 /Linsanity.cc-TP/index.php
INFO: [ app_init ] --START--
INFO: Run Behavior\BuildLiteBehavior [ RunTime:0.000015s ]
INFO: [ app_init ] --END-- [ RunTime:0.000508s ]
INFO: [ app_begin ] --START--
INFO: Run Behavior\ReadHtmlCacheBehavior [ RunTime:0.000873s ]
INFO: [ app_begin ] --END-- [ RunTime:0.000937s ]
ERR: 1146:Table 'linsanity.category' doesn't exist
 [ SQL语句 ] : SHOW COLUMNS FROM `category`
ERR: 1146:Table 'linsanity.category' doesn't exist
 [ SQL语句 ] : SHOW COLUMNS FROM `category`

[ 2016-01-01T21:35:53+08:00 ] 127.0.0.1 /Linsanity.cc-TP/index.php
INFO: [ app_init ] --START--
INFO: Run Behavior\BuildLiteBehavior [ RunTime:0.000017s ]
INFO: [ app_init ] --END-- [ RunTime:0.000532s ]
INFO: [ app_begin ] --START--
INFO: Run Behavior\ReadHtmlCacheBehavior [ RunTime:0.000865s ]
INFO: [ app_begin ] --END-- [ RunTime:0.000926s ]
ERR: 1146:Table 'linsanity.category' doesn't exist
 [ SQL语句 ] : SHOW COLUMNS FROM `category`
ERR: 1146:Table 'linsanity.category' doesn't exist
 [ SQL语句 ] : SHOW COLUMNS FROM `category`

[ 2016-01-01T21:35:54+08:00 ] 127.0.0.1 /Linsanity.cc-TP/index.php
INFO: [ app_init ] --START--
INFO: Run Behavior\BuildLiteBehavior [ RunTime:0.000016s ]
INFO: [ app_init ] --END-- [ RunTime:0.000485s ]
INFO: [ app_begin ] --START--
INFO: Run Behavior\ReadHtmlCacheBehavior [ RunTime:0.000858s ]
INFO: [ app_begin ] --END-- [ RunTime:0.000917s ]
ERR: 1146:Table 'linsanity.category' doesn't exist
 [ SQL语句 ] : SHOW COLUMNS FROM `category`
ERR: 1146:Table 'linsanity.category' doesn't exist
 [ SQL语句 ] : SHOW COLUMNS FROM `category`

[ 2016-01-01T21:35:55+08:00 ] 127.0.0.1 /Linsanity.cc-TP/index.php
INFO: [ app_init ] --START--
INFO: Run Behavior\BuildLiteBehavior [ RunTime:0.000016s ]
INFO: [ app_init ] --END-- [ RunTime:0.000483s ]
INFO: [ app_begin ] --START--
INFO: Run Behavior\ReadHtmlCacheBehavior [ RunTime:0.000877s ]
INFO: [ app_begin ] --END-- [ RunTime:0.000936s ]
ERR: 1146:Table 'linsanity.category' doesn't exist
 [ SQL语句 ] : SHOW COLUMNS FROM `category`
ERR: 1146:Table 'linsanity.category' doesn't exist
 [ SQL语句 ] : SHOW COLUMNS FROM `category`

[ 2016-01-01T21:35:56+08:00 ] 127.0.0.1 /Linsanity.cc-TP/index.php
INFO: [ app_init ] --START--
INFO: Run Behavior\BuildLiteBehavior [ RunTime:0.000016s ]
INFO: [ app_init ] --END-- [ RunTime:0.000498s ]
INFO: [ app_begin ] --START--
INFO: Run Behavior\ReadHtmlCacheBehavior [ RunTime:0.001366s ]
INFO: [ app_begin ] --END-- [ RunTime:0.001469s ]
ERR: 1146:Table 'linsanity.category' doesn't exist
 [ SQL语句 ] : SHOW COLUMNS FROM `category`
ERR: 1146:Table 'linsanity.category' doesn't exist
 [ SQL语句 ] : SHOW COLUMNS FROM `category`

[ 2016-01-01T21:35:56+08:00 ] 127.0.0.1 /Linsanity.cc-TP/index.php
INFO: [ app_init ] --START--
INFO: Run Behavior\BuildLiteBehavior [ RunTime:0.000026s ]
INFO: [ app_init ] --END-- [ RunTime:0.000784s ]
INFO: [ app_begin ] --START--
INFO: Run Behavior\ReadHtmlCacheBehavior [ RunTime:0.000982s ]
INFO: [ app_begin ] --END-- [ RunTime:0.001061s ]
ERR: 1146:Table 'linsanity.category' doesn't exist
 [ SQL语句 ] : SHOW COLUMNS FROM `category`
ERR: 1146:Table 'linsanity.category' doesn't exist
 [ SQL语句 ] : SHOW COLUMNS FROM `category`

[ 2016-01-01T21:35:57+08:00 ] 127.0.0.1 /Linsanity.cc-TP/index.php
INFO: [ app_init ] --START--
INFO: Run Behavior\BuildLiteBehavior [ RunTime:0.000016s ]
INFO: [ app_init ] --END-- [ RunTime:0.000504s ]
INFO: [ app_begin ] --START--
INFO: Run Behavior\ReadHtmlCacheBehavior [ RunTime:0.001079s ]
INFO: [ app_begin ] --END-- [ RunTime:0.001145s ]
ERR: 1146:Table 'linsanity.category' doesn't exist
 [ SQL语句 ] : SHOW COLUMNS FROM `category`
ERR: 1146:Table 'linsanity.category' doesn't exist
 [ SQL语句 ] : SHOW COLUMNS FROM `category`

[ 2016-01-01T21:35:58+08:00 ] 127.0.0.1 /Linsanity.cc-TP/index.php
INFO: [ app_init ] --START--
INFO: Run Behavior\BuildLiteBehavior [ RunTime:0.000015s ]
INFO: [ app_init ] --END-- [ RunTime:0.000477s ]
INFO: [ app_begin ] --START--
INFO: Run Behavior\ReadHtmlCacheBehavior [ RunTime:0.000858s ]
INFO: [ app_begin ] --END-- [ RunTime:0.000918s ]
ERR: 1146:Table 'linsanity.category' doesn't exist
 [ SQL语句 ] : SHOW COLUMNS FROM `category`
ERR: 1146:Table 'linsanity.category' doesn't exist
 [ SQL语句 ] : SHOW COLUMNS FROM `category`

[ 2016-01-01T21:35:58+08:00 ] 127.0.0.1 /Linsanity.cc-TP/index.php
INFO: [ app_init ] --START--
INFO: Run Behavior\BuildLiteBehavior [ RunTime:0.000017s ]
INFO: [ app_init ] --END-- [ RunTime:0.000511s ]
INFO: [ app_begin ] --START--
INFO: Run Behavior\ReadHtmlCacheBehavior [ RunTime:0.000866s ]
INFO: [ app_begin ] --END-- [ RunTime:0.000927s ]
ERR: 1146:Table 'linsanity.category' doesn't exist
 [ SQL语句 ] : SHOW COLUMNS FROM `category`
ERR: 1146:Table 'linsanity.category' doesn't exist
 [ SQL语句 ] : SHOW COLUMNS FROM `category`

[ 2016-01-01T21:35:58+08:00 ] 127.0.0.1 /Linsanity.cc-TP/index.php
INFO: [ app_init ] --START--
INFO: Run Behavior\BuildLiteBehavior [ RunTime:0.000016s ]
INFO: [ app_init ] --END-- [ RunTime:0.000504s ]
INFO: [ app_begin ] --START--
INFO: Run Behavior\ReadHtmlCacheBehavior [ RunTime:0.000865s ]
INFO: [ app_begin ] --END-- [ RunTime:0.000925s ]
ERR: 1146:Table 'linsanity.category' doesn't exist
 [ SQL语句 ] : SHOW COLUMNS FROM `category`
ERR: 1146:Table 'linsanity.category' doesn't exist
 [ SQL语句 ] : SHOW COLUMNS FROM `category`

[ 2016-01-01T21:35:58+08:00 ] 127.0.0.1 /Linsanity.cc-TP/index.php
INFO: [ app_init ] --START--
INFO: Run Behavior\BuildLiteBehavior [ RunTime:0.000019s ]
INFO: [ app_init ] --END-- [ RunTime:0.000535s ]
INFO: [ app_begin ] --START--
INFO: Run Behavior\ReadHtmlCacheBehavior [ RunTime:0.000874s ]
INFO: [ app_begin ] --END-- [ RunTime:0.000939s ]
ERR: 1146:Table 'linsanity.category' doesn't exist
 [ SQL语句 ] : SHOW COLUMNS FROM `category`
ERR: 1146:Table 'linsanity.category' doesn't exist
 [ SQL语句 ] : SHOW COLUMNS FROM `category`

[ 2016-01-01T21:40:27+08:00 ] 127.0.0.1 /Linsanity.cc-TP/index.php
INFO: [ app_init ] --START--
INFO: Run Behavior\BuildLiteBehavior [ RunTime:0.000017s ]
INFO: [ app_init ] --END-- [ RunTime:0.000464s ]
INFO: [ app_begin ] --START--
INFO: Run Behavior\ReadHtmlCacheBehavior [ RunTime:0.000645s ]
INFO: [ app_begin ] --END-- [ RunTime:0.000706s ]
SQL: SHOW COLUMNS FROM `category` [ RunTime:0.0020s ]
SQL: SELECT * FROM `category` WHERE ( isshow=1 ) ORDER BY corder asc  [ RunTime:0.0007s ]
SQL: SHOW COLUMNS FROM `textads` [ RunTime:0.0027s ]
SQL: SELECT * FROM `textads` ORDER BY id desc LIMIT 0,4   [ RunTime:0.0004s ]
INFO: [ view_parse ] --START--
INFO: [ template_filter ] --START--
INFO: Run Behavior\ContentReplaceBehavior [ RunTime:0.000079s ]
INFO: [ template_filter ] --END-- [ RunTime:0.000142s ]
INFO: Run Behavior\ParseTemplateBehavior [ RunTime:0.012834s ]
INFO: [ view_parse ] --END-- [ RunTime:0.012957s ]
INFO: [ view_filter ] --START--
INFO: Run Behavior\WriteHtmlCacheBehavior [ RunTime:0.000731s ]
INFO: [ view_filter ] --END-- [ RunTime:0.000807s ]
SQL: SELECT * FROM `textads` ORDER BY id desc LIMIT 4,8   [ RunTime:0.0004s ]
SQL: SELECT * FROM `textads` ORDER BY id desc LIMIT 12,8   [ RunTime:0.0003s ]
SQL: SELECT * FROM `textads` ORDER BY id desc LIMIT 20,8   [ RunTime:0.0003s ]
SQL: SELECT * FROM `textads` ORDER BY id desc LIMIT 28,8   [ RunTime:0.0003s ]
SQL: SELECT * FROM `textads` ORDER BY id desc LIMIT 36,8   [ RunTime:0.0003s ]
SQL: SELECT * FROM `textads` ORDER BY id desc LIMIT 44,8   [ RunTime:0.0002s ]
SQL: SHOW COLUMNS FROM `imagetype` [ RunTime:0.0019s ]
SQL: SHOW COLUMNS FROM `imageads` [ RunTime:0.0017s ]
SQL: SELECT * FROM `imagetype` WHERE ( typename='1000X90' )  [ RunTime:0.0003s ]
SQL: SELECT * FROM `imageads` WHERE ( tid=1 ) ORDER BY id desc LIMIT 0,1   [ RunTime:0.0003s ]
SQL: SELECT * FROM `imageads` WHERE ( tid=1 ) ORDER BY id desc LIMIT 1,1   [ RunTime:0.0003s ]
SQL: SELECT * FROM `imageads` WHERE ( tid=1 ) ORDER BY id desc LIMIT 2,1   [ RunTime:0.0003s ]
SQL: SELECT * FROM `imagetype` WHERE ( typename='130X90' )  [ RunTime:0.0002s ]
SQL: SELECT * FROM `imageads` WHERE ( tid=2 ) ORDER BY id desc LIMIT 0,7   [ RunTime:0.0003s ]
SQL: SHOW COLUMNS FROM `news` [ RunTime:0.0018s ]
SQL: SELECT * FROM `category` WHERE ( title='疯狂视频' )  [ RunTime:0.0003s ]
SQL: SELECT * FROM `news` WHERE ( cateid=1 ) ORDER BY id desc LIMIT 0,14   [ RunTime:0.0006s ]
SQL: SELECT * FROM `category` WHERE ( title='疯狂新闻' )  [ RunTime:0.0002s ]
SQL: SELECT * FROM `news` WHERE ( cateid=2 ) ORDER BY id desc LIMIT 0,14   [ RunTime:0.0005s ]
SQL: SELECT * FROM `category` WHERE ( title='疯狂体育' )  [ RunTime:0.0002s ]
SQL: SELECT * FROM `news` WHERE ( cateid=3 ) ORDER BY id desc LIMIT 0,14   [ RunTime:0.0005s ]
SQL: SELECT * FROM `category` WHERE ( title='疯狂趣事' )  [ RunTime:0.0006s ]
SQL: SELECT * FROM `news` WHERE ( cateid=4 ) ORDER BY id desc LIMIT 0,14   [ RunTime:0.0009s ]
SQL: SELECT * FROM `category` WHERE ( title='疯狂科技' )  [ RunTime:0.0004s ]
SQL: SELECT * FROM `news` WHERE ( cateid=5 ) ORDER BY id desc LIMIT 0,14   [ RunTime:0.0006s ]
SQL: SELECT * FROM `category` WHERE ( title='疯狂娱乐' )  [ RunTime:0.0004s ]
SQL: SELECT * FROM `news` WHERE ( cateid=6 ) ORDER BY id desc LIMIT 0,14   [ RunTime:0.0007s ]
SQL: SHOW COLUMNS FROM `games` [ RunTime:0.0018s ]
SQL: SELECT * FROM `category` WHERE ( title='林疯狂' )  [ RunTime:0.0003s ]
SQL: SELECT * FROM `games` WHERE ( cateid=7 ) ORDER BY dates desc LIMIT 0,14   [ RunTime:0.0005s ]
SQL: SELECT * FROM `category` WHERE ( title='赛季经典' )  [ RunTime:0.0002s ]
SQL: SELECT * FROM `games` WHERE ( cateid=8 ) ORDER BY dates desc LIMIT 0,14   [ RunTime:0.0004s ]
SQL: SELECT * FROM `category` WHERE ( title='关于疯狂' )  [ RunTime:0.0002s ]
SQL: SELECT * FROM `news` WHERE ( cateid=9 ) ORDER BY id desc LIMIT 0,14   [ RunTime:0.0006s ]
SQL: SELECT * FROM `category` WHERE ( title='友情链接' )  [ RunTime:0.0003s ]
SQL: SELECT * FROM `news` WHERE ( cateid=10 ) ORDER BY id asc LIMIT 0,18   [ RunTime:0.0004s ]
SQL: SELECT * FROM `news` WHERE ( cateid=10 ) ORDER BY id asc LIMIT 18,18   [ RunTime:0.0006s ]
SQL: SELECT * FROM `category` WHERE ( title='尾部信息' )  [ RunTime:0.0002s ]
SQL: SELECT * FROM `news` WHERE ( cateid=11 ) ORDER BY id asc  [ RunTime:0.0005s ]
INFO: [ view_parse ] --START--
INFO: [ template_filter ] --START--
INFO: Run Behavior\ContentReplaceBehavior [ RunTime:0.000118s ]
INFO: [ template_filter ] --END-- [ RunTime:-0.059048s ]
INFO: Run Behavior\ParseTemplateBehavior [ RunTime:0.032310s ]
INFO: [ view_parse ] --END-- [ RunTime:-0.029037s ]
INFO: [ view_filter ] --START--
INFO: Run Behavior\WriteHtmlCacheBehavior [ RunTime:0.000014s ]
INFO: [ view_filter ] --END-- [ RunTime:-0.060592s ]
NOTIC: [2] Cannot modify header information - headers already sent by (output started at H:\www\Linsanity.cc-TP\ThinkPHP\Library\Think\View.class.php:95) H:\www\Linsanity.cc-TP\ThinkPHP\Library\Think\View.class.php 第 91 行.
NOTIC: [2] Cannot modify header information - headers already sent by (output started at H:\www\Linsanity.cc-TP\ThinkPHP\Library\Think\View.class.php:95) H:\www\Linsanity.cc-TP\ThinkPHP\Library\Think\View.class.php 第 92 行.
NOTIC: [2] Cannot modify header information - headers already sent by (output started at H:\www\Linsanity.cc-TP\ThinkPHP\Library\Think\View.class.php:95) H:\www\Linsanity.cc-TP\ThinkPHP\Library\Think\View.class.php 第 93 行.
INFO: [ app_end ] --START--
INFO: Run Behavior\ShowPageTraceBehavior [ RunTime:0.000656s ]
INFO: [ app_end ] --END-- [ RunTime:0.000711s ]

[ 2016-01-01T21:40:27+08:00 ] 127.0.0.1 /Linsanity.cc-TP/Uploads/Imageads/130X90/5624dd6c9f846.jpg
INFO: [ app_init ] --START--
INFO: Run Behavior\BuildLiteBehavior [ RunTime:0.000022s ]
INFO: [ app_init ] --END-- [ RunTime:0.000418s ]

[ 2016-01-01T21:40:27+08:00 ] 127.0.0.1 /Linsanity.cc-TP/Uploads/Imageads/130X90/5636060664dc3.gif
INFO: [ app_init ] --START--
INFO: Run Behavior\BuildLiteBehavior [ RunTime:0.000018s ]
INFO: [ app_init ] --END-- [ RunTime:0.000752s ]

[ 2016-01-01T21:40:27+08:00 ] 127.0.0.1 /Linsanity.cc-TP/Uploads/Imageads/130X90/5624dc59c8e3c.gif
INFO: [ app_init ] --START--
INFO: Run Behavior\BuildLiteBehavior [ RunTime:0.000022s ]
INFO: [ app_init ] --END-- [ RunTime:0.000544s ]

[ 2016-01-01T21:40:27+08:00 ] 127.0.0.1 /Linsanity.cc-TP/Uploads/Imageads/130X90/563606422133f.gif
INFO: [ app_init ] --START--
INFO: Run Behavior\BuildLiteBehavior [ RunTime:0.000023s ]
INFO: [ app_init ] --END-- [ RunTime:0.000708s ]

[ 2016-01-01T21:40:27+08:00 ] 127.0.0.1 /Linsanity.cc-TP/Uploads/Imageads/1000X90/5624cbd35583a.jpg
INFO: [ app_init ] --START--
INFO: Run Behavior\BuildLiteBehavior [ RunTime:0.000025s ]
INFO: [ app_init ] --END-- [ RunTime:0.000555s ]

[ 2016-01-01T21:40:27+08:00 ] 127.0.0.1 /Linsanity.cc-TP/Uploads/Imageads/1000X90/5624cc3e373c3.jpg
INFO: [ app_init ] --START--
INFO: Run Behavior\BuildLiteBehavior [ RunTime:0.000016s ]
INFO: [ app_init ] --END-- [ RunTime:0.000506s ]

[ 2016-01-01T21:40:28+08:00 ] 127.0.0.1 /Linsanity.cc-TP/Uploads/Imageads/1000X90/5624cc30cb645.jpg
INFO: [ app_init ] --START--
INFO: Run Behavior\BuildLiteBehavior [ RunTime:0.000017s ]
INFO: [ app_init ] --END-- [ RunTime:0.000527s ]

[ 2016-01-01T21:40:28+08:00 ] 127.0.0.1 /Linsanity.cc-TP/Uploads/Imageads/130X90/5635f991801f4.gif
INFO: [ app_init ] --START--
INFO: Run Behavior\BuildLiteBehavior [ RunTime:0.000025s ]
INFO: [ app_init ] --END-- [ RunTime:0.000612s ]

[ 2016-01-01T21:40:28+08:00 ] 127.0.0.1 /Linsanity.cc-TP/Uploads/Imageads/130X90/563605b92f7d6.gif
INFO: [ app_init ] --START--
INFO: Run Behavior\BuildLiteBehavior [ RunTime:0.000030s ]
INFO: [ app_init ] --END-- [ RunTime:0.002623s ]

[ 2016-01-01T21:40:28+08:00 ] 127.0.0.1 /Linsanity.cc-TP/Uploads/Imageads/130X90/5624da15a9627.gif
INFO: [ app_init ] --START--
INFO: Run Behavior\BuildLiteBehavior [ RunTime:0.000026s ]
INFO: [ app_init ] --END-- [ RunTime:0.000896s ]

[ 2016-01-01T21:43:00+08:00 ] 127.0.0.1 /Linsanity.cc-TP/Home/Detail/games/id/8
INFO: [ app_init ] --START--
INFO: Run Behavior\BuildLiteBehavior [ RunTime:0.000017s ]
INFO: [ app_init ] --END-- [ RunTime:0.000507s ]
INFO: [ app_begin ] --START--
INFO: Run Behavior\ReadHtmlCacheBehavior [ RunTime:0.001374s ]
INFO: [ app_begin ] --END-- [ RunTime:0.001491s ]
SQL: SHOW COLUMNS FROM `category` [ RunTime:0.0020s ]
SQL: SELECT * FROM `category` WHERE ( isshow=1 ) ORDER BY corder asc  [ RunTime:0.0005s ]
SQL: SHOW COLUMNS FROM `textads` [ RunTime:0.0019s ]
SQL: SELECT * FROM `textads` ORDER BY id desc LIMIT 0,4   [ RunTime:0.0003s ]
INFO: [ view_parse ] --START--
INFO: [ template_filter ] --START--
INFO: Run Behavior\ContentReplaceBehavior [ RunTime:0.000130s ]
INFO: [ template_filter ] --END-- [ RunTime:0.000228s ]
INFO: Run Behavior\ParseTemplateBehavior [ RunTime:0.019434s ]
INFO: [ view_parse ] --END-- [ RunTime:0.019559s ]
INFO: [ view_filter ] --START--
INFO: Run Behavior\WriteHtmlCacheBehavior [ RunTime:0.000559s ]
INFO: [ view_filter ] --END-- [ RunTime:0.000642s ]
SQL: SHOW COLUMNS FROM `imagetype` [ RunTime:0.0020s ]
SQL: SHOW COLUMNS FROM `imageads` [ RunTime:0.0027s ]
SQL: SELECT * FROM `imagetype` WHERE ( typename='130X90' )  [ RunTime:0.0003s ]
SQL: SELECT * FROM `imageads` WHERE ( tid=2 ) ORDER BY id desc LIMIT 7,6   [ RunTime:0.0003s ]
SQL: SELECT * FROM `imagetype` WHERE ( typename='400X300' )  [ RunTime:0.0002s ]
SQL: SELECT * FROM `imageads` WHERE ( tid=3 ) ORDER BY id desc LIMIT 0,7   [ RunTime:0.0005s ]
SQL: SELECT * FROM `category` WHERE ( id=8 )  [ RunTime:0.0005s ]
SQL: SHOW COLUMNS FROM `games` [ RunTime:0.0020s ]
SQL: SELECT count(*) as num FROM `games` WHERE ( cateid=8 )  [ RunTime:0.0004s ]
SQL: SELECT * FROM `games` WHERE ( cateid=8 ) ORDER BY dates desc LIMIT 0,17   [ RunTime:0.0006s ]
SQL: SELECT * FROM `category` WHERE ( title='友情链接' )  [ RunTime:0.0002s ]
SQL: SHOW COLUMNS FROM `news` [ RunTime:0.0022s ]
SQL: SELECT * FROM `news` WHERE ( cateid=10 ) ORDER BY id asc LIMIT 0,18   [ RunTime:0.0005s ]
SQL: SELECT * FROM `news` WHERE ( cateid=10 ) ORDER BY id asc LIMIT 18,18   [ RunTime:0.0006s ]
SQL: SELECT * FROM `category` WHERE ( title='尾部信息' )  [ RunTime:0.0003s ]
SQL: SELECT * FROM `news` WHERE ( cateid=11 ) ORDER BY id asc  [ RunTime:0.0006s ]
INFO: [ view_parse ] --START--
INFO: [ template_filter ] --START--
INFO: Run Behavior\ContentReplaceBehavior [ RunTime:0.000053s ]
INFO: [ template_filter ] --END-- [ RunTime:-0.030854s ]
INFO: Run Behavior\ParseTemplateBehavior [ RunTime:0.010692s ]
INFO: [ view_parse ] --END-- [ RunTime:-0.019478s ]
INFO: [ view_filter ] --START--
INFO: Run Behavior\WriteHtmlCacheBehavior [ RunTime:0.000014s ]
INFO: [ view_filter ] --END-- [ RunTime:-0.029577s ]
NOTIC: [2] Cannot modify header information - headers already sent by (output started at H:\www\Linsanity.cc-TP\ThinkPHP\Library\Think\View.class.php:95) H:\www\Linsanity.cc-TP\ThinkPHP\Library\Think\View.class.php 第 91 行.
NOTIC: [2] Cannot modify header information - headers already sent by (output started at H:\www\Linsanity.cc-TP\ThinkPHP\Library\Think\View.class.php:95) H:\www\Linsanity.cc-TP\ThinkPHP\Library\Think\View.class.php 第 92 行.
NOTIC: [2] Cannot modify header information - headers already sent by (output started at H:\www\Linsanity.cc-TP\ThinkPHP\Library\Think\View.class.php:95) H:\www\Linsanity.cc-TP\ThinkPHP\Library\Think\View.class.php 第 93 行.
INFO: [ app_end ] --START--
INFO: Run Behavior\ShowPageTraceBehavior [ RunTime:0.000650s ]
INFO: [ app_end ] --END-- [ RunTime:0.000706s ]

[ 2016-01-01T21:43:00+08:00 ] 127.0.0.1 /Linsanity.cc-TP/Uploads/Imageads/400X300/5624d07593143.jpg
INFO: [ app_init ] --START--
INFO: Run Behavior\BuildLiteBehavior [ RunTime:0.000022s ]
INFO: [ app_init ] --END-- [ RunTime:0.000556s ]

[ 2016-01-01T21:43:00+08:00 ] 127.0.0.1 /Linsanity.cc-TP/Uploads/Imageads/400X300/5624cfb372249.jpg
INFO: [ app_init ] --START--
INFO: Run Behavior\BuildLiteBehavior [ RunTime:0.000024s ]
INFO: [ app_init ] --END-- [ RunTime:0.000660s ]

[ 2016-01-01T21:43:00+08:00 ] 127.0.0.1 /Linsanity.cc-TP/Uploads/Imageads/400X300/5624d0102b4b7.jpg
INFO: [ app_init ] --START--
INFO: Run Behavior\BuildLiteBehavior [ RunTime:0.000022s ]
INFO: [ app_init ] --END-- [ RunTime:0.000718s ]

[ 2016-01-01T21:43:00+08:00 ] 127.0.0.1 /Linsanity.cc-TP/Uploads/Imageads/130X90/563606cbd4688.gif
INFO: [ app_init ] --START--
INFO: Run Behavior\BuildLiteBehavior [ RunTime:0.000024s ]
INFO: [ app_init ] --END-- [ RunTime:0.000563s ]

[ 2016-01-01T21:43:00+08:00 ] 127.0.0.1 /Linsanity.cc-TP/Uploads/Imageads/130X90/563607dcf2301.gif
INFO: [ app_init ] --START--
INFO: Run Behavior\BuildLiteBehavior [ RunTime:0.000025s ]
INFO: [ app_init ] --END-- [ RunTime:0.001146s ]

[ 2016-01-01T21:43:00+08:00 ] 127.0.0.1 /Linsanity.cc-TP/Uploads/Imageads/130X90/5624d0ad09db8.gif
INFO: [ app_init ] --START--
INFO: Run Behavior\BuildLiteBehavior [ RunTime:0.000030s ]
INFO: [ app_init ] --END-- [ RunTime:0.000715s ]

[ 2016-01-01T21:43:00+08:00 ] 127.0.0.1 /Linsanity.cc-TP/Uploads/Imageads/130X90/5624d09f6f193.gif
INFO: [ app_init ] --START--
INFO: Run Behavior\BuildLiteBehavior [ RunTime:0.000028s ]
INFO: [ app_init ] --END-- [ RunTime:0.000640s ]

[ 2016-01-01T21:43:00+08:00 ] 127.0.0.1 /Linsanity.cc-TP/Uploads/Imageads/130X90/56360b2d1438f.gif
INFO: [ app_init ] --START--
INFO: Run Behavior\BuildLiteBehavior [ RunTime:0.000021s ]
INFO: [ app_init ] --END-- [ RunTime:0.000886s ]

[ 2016-01-01T21:43:01+08:00 ] 127.0.0.1 /Linsanity.cc-TP/Uploads/Imageads/400X300/5624cfa5b1126.jpg
INFO: [ app_init ] --START--
INFO: Run Behavior\BuildLiteBehavior [ RunTime:0.000023s ]
INFO: [ app_init ] --END-- [ RunTime:0.000560s ]

[ 2016-01-01T21:43:01+08:00 ] 127.0.0.1 /Linsanity.cc-TP/Uploads/Imageads/400X300/5624cf913f8b5.jpg
INFO: [ app_init ] --START--
INFO: Run Behavior\BuildLiteBehavior [ RunTime:0.000022s ]
INFO: [ app_init ] --END-- [ RunTime:0.000510s ]

[ 2016-01-01T21:43:01+08:00 ] 127.0.0.1 /Linsanity.cc-TP/Uploads/Imageads/130X90/5624d107a0435.jpg
INFO: [ app_init ] --START--
INFO: Run Behavior\BuildLiteBehavior [ RunTime:0.000017s ]
INFO: [ app_init ] --END-- [ RunTime:0.000505s ]

[ 2016-01-01T21:43:02+08:00 ] 127.0.0.1 /Linsanity.cc-TP/Detail/games/id/8/p/2.html
INFO: [ app_init ] --START--
INFO: Run Behavior\BuildLiteBehavior [ RunTime:0.000016s ]
INFO: [ app_init ] --END-- [ RunTime:0.000517s ]
INFO: [ app_begin ] --START--
INFO: Run Behavior\ReadHtmlCacheBehavior [ RunTime:0.000978s ]
INFO: [ app_begin ] --END-- [ RunTime:0.001054s ]
SQL: SHOW COLUMNS FROM `category` [ RunTime:0.0023s ]
SQL: SELECT * FROM `category` WHERE ( isshow=1 ) ORDER BY corder asc  [ RunTime:0.0005s ]
SQL: SHOW COLUMNS FROM `textads` [ RunTime:0.0020s ]
SQL: SELECT * FROM `textads` ORDER BY id desc LIMIT 0,4   [ RunTime:0.0003s ]
INFO: [ view_parse ] --START--
INFO: [ template_filter ] --START--
INFO: Run Behavior\ContentReplaceBehavior [ RunTime:0.000129s ]
INFO: [ template_filter ] --END-- [ RunTime:0.000234s ]
INFO: Run Behavior\ParseTemplateBehavior [ RunTime:0.017148s ]
INFO: [ view_parse ] --END-- [ RunTime:0.017270s ]
INFO: [ view_filter ] --START--
INFO: Run Behavior\WriteHtmlCacheBehavior [ RunTime:0.000952s ]
INFO: [ view_filter ] --END-- [ RunTime:0.001030s ]
SQL: SHOW COLUMNS FROM `imagetype` [ RunTime:0.0018s ]
SQL: SHOW COLUMNS FROM `imageads` [ RunTime:0.0024s ]
SQL: SELECT * FROM `imagetype` WHERE ( typename='130X90' )  [ RunTime:0.0003s ]
SQL: SELECT * FROM `imageads` WHERE ( tid=2 ) ORDER BY id desc LIMIT 7,6   [ RunTime:0.0004s ]
SQL: SELECT * FROM `imagetype` WHERE ( typename='400X300' )  [ RunTime:0.0002s ]
SQL: SELECT * FROM `imageads` WHERE ( tid=3 ) ORDER BY id desc LIMIT 0,7   [ RunTime:0.0003s ]
SQL: SELECT * FROM `category` WHERE ( id=8 )  [ RunTime:0.0003s ]
SQL: SHOW COLUMNS FROM `games` [ RunTime:0.0024s ]
SQL: SELECT count(*) as num FROM `games` WHERE ( cateid=8 )  [ RunTime:0.0005s ]
SQL: SELECT * FROM `games` WHERE ( cateid=8 ) ORDER BY dates desc LIMIT 17,17   [ RunTime:0.0009s ]
SQL: SELECT * FROM `category` WHERE ( title='友情链接' )  [ RunTime:0.0003s ]
SQL: SHOW COLUMNS FROM `news` [ RunTime:0.0018s ]
SQL: SELECT * FROM `news` WHERE ( cateid=10 ) ORDER BY id asc LIMIT 0,18   [ RunTime:0.0006s ]
SQL: SELECT * FROM `news` WHERE ( cateid=10 ) ORDER BY id asc LIMIT 18,18   [ RunTime:0.0007s ]
SQL: SELECT * FROM `category` WHERE ( title='尾部信息' )  [ RunTime:0.0002s ]
SQL: SELECT * FROM `news` WHERE ( cateid=11 ) ORDER BY id asc  [ RunTime:0.0005s ]
INFO: [ view_parse ] --START--
INFO: [ template_filter ] --START--
INFO: Run Behavior\ContentReplaceBehavior [ RunTime:0.000054s ]
INFO: [ template_filter ] --END-- [ RunTime:-0.031711s ]
INFO: Run Behavior\ParseTemplateBehavior [ RunTime:0.010960s ]
INFO: [ view_parse ] --END-- [ RunTime:-0.020239s ]
INFO: [ view_filter ] --START--
INFO: Run Behavior\WriteHtmlCacheBehavior [ RunTime:0.000022s ]
INFO: [ view_filter ] --END-- [ RunTime:-0.030256s ]
NOTIC: [2] Cannot modify header information - headers already sent by (output started at H:\www\Linsanity.cc-TP\ThinkPHP\Library\Think\View.class.php:95) H:\www\Linsanity.cc-TP\ThinkPHP\Library\Think\View.class.php 第 91 行.
NOTIC: [2] Cannot modify header information - headers already sent by (output started at H:\www\Linsanity.cc-TP\ThinkPHP\Library\Think\View.class.php:95) H:\www\Linsanity.cc-TP\ThinkPHP\Library\Think\View.class.php 第 92 行.
NOTIC: [2] Cannot modify header information - headers already sent by (output started at H:\www\Linsanity.cc-TP\ThinkPHP\Library\Think\View.class.php:95) H:\www\Linsanity.cc-TP\ThinkPHP\Library\Think\View.class.php 第 93 行.
INFO: [ app_end ] --START--
INFO: Run Behavior\ShowPageTraceBehavior [ RunTime:0.001392s ]
INFO: [ app_end ] --END-- [ RunTime:0.001482s ]

[ 2016-01-01T21:43:02+08:00 ] 127.0.0.1 /Linsanity.cc-TP/Uploads/Imageads/130X90/5624d107a0435.jpg
INFO: [ app_init ] --START--
INFO: Run Behavior\BuildLiteBehavior [ RunTime:0.000023s ]
INFO: [ app_init ] --END-- [ RunTime:0.000547s ]

[ 2016-01-01T21:43:02+08:00 ] 127.0.0.1 /Linsanity.cc-TP/Uploads/Imageads/400X300/5624cfa5b1126.jpg
INFO: [ app_init ] --START--
INFO: Run Behavior\BuildLiteBehavior [ RunTime:0.000023s ]
INFO: [ app_init ] --END-- [ RunTime:0.000581s ]

[ 2016-01-01T21:43:02+08:00 ] 127.0.0.1 /Linsanity.cc-TP/Uploads/Imageads/130X90/5624d0ad09db8.gif
INFO: [ app_init ] --START--
INFO: Run Behavior\BuildLiteBehavior [ RunTime:0.000022s ]
INFO: [ app_init ] --END-- [ RunTime:0.000542s ]

[ 2016-01-01T21:43:02+08:00 ] 127.0.0.1 /Linsanity.cc-TP/Uploads/Imageads/400X300/5624d0102b4b7.jpg
INFO: [ app_init ] --START--
INFO: Run Behavior\BuildLiteBehavior [ RunTime:0.000022s ]
INFO: [ app_init ] --END-- [ RunTime:0.000705s ]

[ 2016-01-01T21:43:02+08:00 ] 127.0.0.1 /Linsanity.cc-TP/Uploads/Imageads/130X90/563606cbd4688.gif
INFO: [ app_init ] --START--
INFO: Run Behavior\BuildLiteBehavior [ RunTime:0.000031s ]
INFO: [ app_init ] --END-- [ RunTime:0.000937s ]

[ 2016-01-01T21:43:02+08:00 ] 127.0.0.1 /Linsanity.cc-TP/Uploads/Imageads/130X90/563607dcf2301.gif
INFO: [ app_init ] --START--
INFO: Run Behavior\BuildLiteBehavior [ RunTime:0.000026s ]
INFO: [ app_init ] --END-- [ RunTime:0.000612s ]

[ 2016-01-01T21:43:02+08:00 ] 127.0.0.1 /Linsanity.cc-TP/Uploads/Imageads/130X90/5624d09f6f193.gif
INFO: [ app_init ] --START--
INFO: Run Behavior\BuildLiteBehavior [ RunTime:0.000028s ]
INFO: [ app_init ] --END-- [ RunTime:0.000614s ]

[ 2016-01-01T21:43:02+08:00 ] 127.0.0.1 /Linsanity.cc-TP/Uploads/Imageads/130X90/56360b2d1438f.gif
INFO: [ app_init ] --START--
INFO: Run Behavior\BuildLiteBehavior [ RunTime:0.000026s ]
INFO: [ app_init ] --END-- [ RunTime:0.000894s ]

[ 2016-01-01T21:43:03+08:00 ] 127.0.0.1 /Linsanity.cc-TP/Uploads/Imageads/400X300/5624cf913f8b5.jpg
INFO: [ app_init ] --START--
INFO: Run Behavior\BuildLiteBehavior [ RunTime:0.000028s ]
INFO: [ app_init ] --END-- [ RunTime:0.000671s ]

[ 2016-01-01T21:43:03+08:00 ] 127.0.0.1 /Linsanity.cc-TP/Uploads/Imageads/400X300/5624d07593143.jpg
INFO: [ app_init ] --START--
INFO: Run Behavior\BuildLiteBehavior [ RunTime:0.000029s ]
INFO: [ app_init ] --END-- [ RunTime:0.000737s ]

[ 2016-01-01T21:43:03+08:00 ] 127.0.0.1 /Linsanity.cc-TP/Uploads/Imageads/400X300/5624cfb372249.jpg
INFO: [ app_init ] --START--
INFO: Run Behavior\BuildLiteBehavior [ RunTime:0.000019s ]
INFO: [ app_init ] --END-- [ RunTime:0.000612s ]

[ 2016-01-01T21:43:18+08:00 ] 127.0.0.1 /Linsanity.cc-TP/
INFO: [ app_init ] --START--
INFO: Run Behavior\BuildLiteBehavior [ RunTime:0.000019s ]
INFO: [ app_init ] --END-- [ RunTime:0.000607s ]
INFO: [ app_begin ] --START--
INFO: Run Behavior\ReadHtmlCacheBehavior [ RunTime:0.001108s ]
INFO: [ app_begin ] --END-- [ RunTime:0.001205s ]
SQL: SHOW COLUMNS FROM `category` [ RunTime:0.0021s ]
SQL: SELECT * FROM `category` WHERE ( isshow=1 ) ORDER BY corder asc  [ RunTime:0.0005s ]
SQL: SHOW COLUMNS FROM `textads` [ RunTime:0.0022s ]
SQL: SELECT * FROM `textads` ORDER BY id desc LIMIT 0,4   [ RunTime:0.0003s ]
INFO: [ view_parse ] --START--
INFO: [ template_filter ] --START--
INFO: Run Behavior\ContentReplaceBehavior [ RunTime:0.000119s ]
INFO: [ template_filter ] --END-- [ RunTime:0.000208s ]
INFO: Run Behavior\ParseTemplateBehavior [ RunTime:0.016168s ]
INFO: [ view_parse ] --END-- [ RunTime:0.016272s ]
INFO: [ view_filter ] --START--
INFO: Run Behavior\WriteHtmlCacheBehavior [ RunTime:0.000771s ]
INFO: [ view_filter ] --END-- [ RunTime:0.000833s ]
SQL: SELECT * FROM `textads` ORDER BY id desc LIMIT 4,8   [ RunTime:0.0004s ]
SQL: SELECT * FROM `textads` ORDER BY id desc LIMIT 12,8   [ RunTime:0.0003s ]
SQL: SELECT * FROM `textads` ORDER BY id desc LIMIT 20,8   [ RunTime:0.0003s ]
SQL: SELECT * FROM `textads` ORDER BY id desc LIMIT 28,8   [ RunTime:0.0002s ]
SQL: SELECT * FROM `textads` ORDER BY id desc LIMIT 36,8   [ RunTime:0.0002s ]
SQL: SELECT * FROM `textads` ORDER BY id desc LIMIT 44,8   [ RunTime:0.0002s ]
SQL: SHOW COLUMNS FROM `imagetype` [ RunTime:0.0018s ]
SQL: SHOW COLUMNS FROM `imageads` [ RunTime:0.0016s ]
SQL: SELECT * FROM `imagetype` WHERE ( typename='1000X90' )  [ RunTime:0.0003s ]
SQL: SELECT * FROM `imageads` WHERE ( tid=1 ) ORDER BY id desc LIMIT 0,1   [ RunTime:0.0003s ]
SQL: SELECT * FROM `imageads` WHERE ( tid=1 ) ORDER BY id desc LIMIT 1,1   [ RunTime:0.0003s ]
SQL: SELECT * FROM `imageads` WHERE ( tid=1 ) ORDER BY id desc LIMIT 2,1   [ RunTime:0.0003s ]
SQL: SELECT * FROM `imagetype` WHERE ( typename='130X90' )  [ RunTime:0.0002s ]
SQL: SELECT * FROM `imageads` WHERE ( tid=2 ) ORDER BY id desc LIMIT 0,7   [ RunTime:0.0003s ]
SQL: SHOW COLUMNS FROM `news` [ RunTime:0.0026s ]
SQL: SELECT * FROM `category` WHERE ( title='疯狂视频' )  [ RunTime:0.0003s ]
SQL: SELECT * FROM `news` WHERE ( cateid=1 ) ORDER BY id desc LIMIT 0,14   [ RunTime:0.0007s ]
SQL: SELECT * FROM `category` WHERE ( title='疯狂新闻' )  [ RunTime:0.0003s ]
SQL: SELECT * FROM `news` WHERE ( cateid=2 ) ORDER BY id desc LIMIT 0,14   [ RunTime:0.0006s ]
SQL: SELECT * FROM `category` WHERE ( title='疯狂体育' )  [ RunTime:0.0003s ]
SQL: SELECT * FROM `news` WHERE ( cateid=3 ) ORDER BY id desc LIMIT 0,14   [ RunTime:0.0005s ]
SQL: SELECT * FROM `category` WHERE ( title='疯狂趣事' )  [ RunTime:0.0002s ]
SQL: SELECT * FROM `news` WHERE ( cateid=4 ) ORDER BY id desc LIMIT 0,14   [ RunTime:0.0005s ]
SQL: SELECT * FROM `category` WHERE ( title='疯狂科技' )  [ RunTime:0.0004s ]
SQL: SELECT * FROM `news` WHERE ( cateid=5 ) ORDER BY id desc LIMIT 0,14   [ RunTime:0.0006s ]
SQL: SELECT * FROM `category` WHERE ( title='疯狂娱乐' )  [ RunTime:0.0004s ]
SQL: SELECT * FROM `news` WHERE ( cateid=6 ) ORDER BY id desc LIMIT 0,14   [ RunTime:0.0008s ]
SQL: SHOW COLUMNS FROM `games` [ RunTime:0.0019s ]
SQL: SELECT * FROM `category` WHERE ( title='林疯狂' )  [ RunTime:0.0003s ]
SQL: SELECT * FROM `games` WHERE ( cateid=7 ) ORDER BY dates desc LIMIT 0,14   [ RunTime:0.0004s ]
SQL: SELECT * FROM `category` WHERE ( title='赛季经典' )  [ RunTime:0.0002s ]
SQL: SELECT * FROM `games` WHERE ( cateid=8 ) ORDER BY dates desc LIMIT 0,14   [ RunTime:0.0004s ]
SQL: SELECT * FROM `category` WHERE ( title='关于疯狂' )  [ RunTime:0.0002s ]
SQL: SELECT * FROM `news` WHERE ( cateid=9 ) ORDER BY id desc LIMIT 0,14   [ RunTime:0.0008s ]
SQL: SELECT * FROM `category` WHERE ( title='友情链接' )  [ RunTime:0.0006s ]
SQL: SELECT * FROM `news` WHERE ( cateid=10 ) ORDER BY id asc LIMIT 0,18   [ RunTime:0.0008s ]
SQL: SELECT * FROM `news` WHERE ( cateid=10 ) ORDER BY id asc LIMIT 18,18   [ RunTime:0.0008s ]
SQL: SELECT * FROM `category` WHERE ( title='尾部信息' )  [ RunTime:0.0003s ]
SQL: SELECT * FROM `news` WHERE ( cateid=11 ) ORDER BY id asc  [ RunTime:0.0006s ]
INFO: [ view_parse ] --START--
INFO: [ template_filter ] --START--
INFO: Run Behavior\ContentReplaceBehavior [ RunTime:0.000115s ]
INFO: [ template_filter ] --END-- [ RunTime:-0.060648s ]
INFO: Run Behavior\ParseTemplateBehavior [ RunTime:0.033611s ]
INFO: [ view_parse ] --END-- [ RunTime:-0.031499s ]
INFO: [ view_filter ] --START--
INFO: Run Behavior\WriteHtmlCacheBehavior [ RunTime:0.000014s ]
INFO: [ view_filter ] --END-- [ RunTime:-0.064360s ]
NOTIC: [2] Cannot modify header information - headers already sent by (output started at H:\www\Linsanity.cc-TP\ThinkPHP\Library\Think\View.class.php:95) H:\www\Linsanity.cc-TP\ThinkPHP\Library\Think\View.class.php 第 91 行.
NOTIC: [2] Cannot modify header information - headers already sent by (output started at H:\www\Linsanity.cc-TP\ThinkPHP\Library\Think\View.class.php:95) H:\www\Linsanity.cc-TP\ThinkPHP\Library\Think\View.class.php 第 92 行.
NOTIC: [2] Cannot modify header information - headers already sent by (output started at H:\www\Linsanity.cc-TP\ThinkPHP\Library\Think\View.class.php:95) H:\www\Linsanity.cc-TP\ThinkPHP\Library\Think\View.class.php 第 93 行.
INFO: [ app_end ] --START--
INFO: Run Behavior\ShowPageTraceBehavior [ RunTime:0.001124s ]
INFO: [ app_end ] --END-- [ RunTime:0.001202s ]

[ 2016-01-01T21:43:18+08:00 ] 127.0.0.1 /Linsanity.cc-TP/Uploads/Imageads/130X90/5624dd6c9f846.jpg
INFO: [ app_init ] --START--
INFO: Run Behavior\BuildLiteBehavior [ RunTime:0.000029s ]
INFO: [ app_init ] --END-- [ RunTime:0.000631s ]

[ 2016-01-01T21:43:18+08:00 ] 127.0.0.1 /Linsanity.cc-TP/Uploads/Imageads/1000X90/5624cc30cb645.jpg
INFO: [ app_init ] --START--
INFO: Run Behavior\BuildLiteBehavior [ RunTime:0.000037s ]
INFO: [ app_init ] --END-- [ RunTime:0.000869s ]

[ 2016-01-01T21:43:18+08:00 ] 127.0.0.1 /Linsanity.cc-TP/Uploads/Imageads/130X90/5636060664dc3.gif
INFO: [ app_init ] --START--
INFO: Run Behavior\BuildLiteBehavior [ RunTime:0.000027s ]
INFO: [ app_init ] --END-- [ RunTime:0.000662s ]

[ 2016-01-01T21:43:18+08:00 ] 127.0.0.1 /Linsanity.cc-TP/Uploads/Imageads/130X90/5635f991801f4.gif
INFO: [ app_init ] --START--
INFO: Run Behavior\BuildLiteBehavior [ RunTime:0.000023s ]
INFO: [ app_init ] --END-- [ RunTime:0.000585s ]

[ 2016-01-01T21:43:18+08:00 ] 127.0.0.1 /Linsanity.cc-TP/Uploads/Imageads/130X90/563606422133f.gif
INFO: [ app_init ] --START--
INFO: Run Behavior\BuildLiteBehavior [ RunTime:0.000023s ]
INFO: [ app_init ] --END-- [ RunTime:0.000565s ]

[ 2016-01-01T21:43:18+08:00 ] 127.0.0.1 /Linsanity.cc-TP/Uploads/Imageads/1000X90/5624cbd35583a.jpg
INFO: [ app_init ] --START--
INFO: Run Behavior\BuildLiteBehavior [ RunTime:0.000026s ]
INFO: [ app_init ] --END-- [ RunTime:0.002694s ]

[ 2016-01-01T21:43:18+08:00 ] 127.0.0.1 /Linsanity.cc-TP/Uploads/Imageads/1000X90/5624cc3e373c3.jpg
INFO: [ app_init ] --START--
INFO: Run Behavior\BuildLiteBehavior [ RunTime:0.000024s ]
INFO: [ app_init ] --END-- [ RunTime:0.000596s ]

[ 2016-01-01T21:43:19+08:00 ] 127.0.0.1 /Linsanity.cc-TP/Uploads/Imageads/130X90/563605b92f7d6.gif
INFO: [ app_init ] --START--
INFO: Run Behavior\BuildLiteBehavior [ RunTime:0.000024s ]
INFO: [ app_init ] --END-- [ RunTime:0.000533s ]

[ 2016-01-01T21:43:19+08:00 ] 127.0.0.1 /Linsanity.cc-TP/Uploads/Imageads/130X90/5624dc59c8e3c.gif
INFO: [ app_init ] --START--
INFO: Run Behavior\BuildLiteBehavior [ RunTime:0.000024s ]
INFO: [ app_init ] --END-- [ RunTime:0.000610s ]

[ 2016-01-01T22:26:13+08:00 ] 127.0.0.1 /Linsanity.cc-TP/Public/css/__APP__/Public/images/bg-button-green.gif
INFO: [ app_init ] --START--
INFO: Run Behavior\BuildLiteBehavior [ RunTime:0.000029s ]
INFO: [ app_init ] --END-- [ RunTime:0.000832s ]

[ 2016-01-01T22:26:33+08:00 ] 127.0.0.1 /Linsanity.cc-TP/Uploads/Imageads/1000X90/5624cc3e373c3.jpg
INFO: [ app_init ] --START--
INFO: Run Behavior\BuildLiteBehavior [ RunTime:0.000023s ]
INFO: [ app_init ] --END-- [ RunTime:0.000575s ]

[ 2016-01-01T22:26:33+08:00 ] 127.0.0.1 /Linsanity.cc-TP/Uploads/Imageads/1000X90/5624cbd35583a.jpg
INFO: [ app_init ] --START--
INFO: Run Behavior\BuildLiteBehavior [ RunTime:0.000019s ]
INFO: [ app_init ] --END-- [ RunTime:0.000531s ]

[ 2016-01-01T22:26:33+08:00 ] 127.0.0.1 /Linsanity.cc-TP/Uploads/Imageads/1000X90/5624cc30cb645.jpg
INFO: [ app_init ] --START--
INFO: Run Behavior\BuildLiteBehavior [ RunTime:0.000026s ]
INFO: [ app_init ] --END-- [ RunTime:0.000783s ]

[ 2016-01-01T22:26:44+08:00 ] 127.0.0.1 /Linsanity.cc-TP/Uploads/Imageads/1000X90/5624cc3e373c3.jpg
INFO: [ app_init ] --START--
INFO: Run Behavior\BuildLiteBehavior [ RunTime:0.000025s ]
INFO: [ app_init ] --END-- [ RunTime:0.000593s ]

[ 2016-01-01T22:26:44+08:00 ] 127.0.0.1 /Linsanity.cc-TP/Uploads/Imageads/1000X90/5624cc30cb645.jpg
INFO: [ app_init ] --START--
INFO: Run Behavior\BuildLiteBehavior [ RunTime:0.000026s ]
INFO: [ app_init ] --END-- [ RunTime:0.000810s ]

[ 2016-01-01T22:26:44+08:00 ] 127.0.0.1 /Linsanity.cc-TP/Uploads/Imageads/1000X90/5624cbd35583a.jpg
INFO: [ app_init ] --START--
INFO: Run Behavior\BuildLiteBehavior [ RunTime:0.000016s ]
INFO: [ app_init ] --END-- [ RunTime:0.000414s ]

