[ 2016-01-23T15:04:05+08:00 ] 127.0.0.1 /Linsanity.cc-TP/
INFO: [ app_init ] --START--
INFO: Run Behavior\BuildLiteBehavior [ RunTime:0.000035s ]
INFO: [ app_init ] --END-- [ RunTime:0.011402s ]
INFO: [ app_begin ] --START--
INFO: Run Behavior\ReadHtmlCacheBehavior [ RunTime:0.003208s ]
INFO: [ app_begin ] --END-- [ RunTime:0.003478s ]
SQL: SHOW COLUMNS FROM `category` [ RunTime:0.0035s ]
SQL: SELECT * FROM `category` WHERE ( isshow=1 ) ORDER BY corder asc  [ RunTime:0.0007s ]
SQL: SHOW COLUMNS FROM `textads` [ RunTime:0.0031s ]
SQL: SELECT * FROM `textads` ORDER BY id desc LIMIT 0,4   [ RunTime:0.0005s ]
INFO: [ view_parse ] --START--
INFO: [ template_filter ] --START--
INFO: Run Behavior\ContentReplaceBehavior [ RunTime:0.000207s ]
INFO: [ template_filter ] --END-- [ RunTime:0.000376s ]
INFO: Run Behavior\ParseTemplateBehavior [ RunTime:0.077051s ]
INFO: [ view_parse ] --END-- [ RunTime:0.077165s ]
INFO: [ view_filter ] --START--
INFO: Run Behavior\WriteHtmlCacheBehavior [ RunTime:0.006467s ]
INFO: [ view_filter ] --END-- [ RunTime:0.006540s ]
SQL: SELECT * FROM `textads` ORDER BY id desc LIMIT 4,8   [ RunTime:0.0004s ]
SQL: SELECT * FROM `textads` ORDER BY id desc LIMIT 12,8   [ RunTime:0.0003s ]
SQL: SELECT * FROM `textads` ORDER BY id desc LIMIT 20,8   [ RunTime:0.0008s ]
SQL: SELECT * FROM `textads` ORDER BY id desc LIMIT 28,8   [ RunTime:0.0006s ]
SQL: SELECT * FROM `textads` ORDER BY id desc LIMIT 36,8   [ RunTime:0.0003s ]
SQL: SELECT * FROM `textads` ORDER BY id desc LIMIT 44,8   [ RunTime:0.0002s ]
SQL: SHOW COLUMNS FROM `imagetype` [ RunTime:0.0019s ]
SQL: SHOW COLUMNS FROM `imageads` [ RunTime:0.0017s ]
SQL: SELECT * FROM `imagetype` WHERE ( typename='1000X90' )  [ RunTime:0.0003s ]
SQL: SELECT * FROM `imageads` WHERE ( tid=1 ) ORDER BY id desc LIMIT 0,1   [ RunTime:0.0003s ]
SQL: SELECT * FROM `imageads` WHERE ( tid=1 ) ORDER BY id desc LIMIT 1,1   [ RunTime:0.0003s ]
SQL: SELECT * FROM `imageads` WHERE ( tid=1 ) ORDER BY id desc LIMIT 2,1   [ RunTime:0.0003s ]
SQL: SELECT * FROM `imagetype` WHERE ( typename='130X90' )  [ RunTime:0.0002s ]
SQL: SELECT * FROM `imageads` WHERE ( tid=2 ) ORDER BY id desc LIMIT 0,7   [ RunTime:0.0003s ]
SQL: SHOW COLUMNS FROM `news` [ RunTime:0.0018s ]
SQL: SELECT * FROM `category` WHERE ( title='疯狂视频' )  [ RunTime:0.0003s ]
SQL: SELECT * FROM `news` WHERE ( cateid=1 ) ORDER BY id desc LIMIT 0,14   [ RunTime:0.0242s ]
SQL: SELECT * FROM `category` WHERE ( title='疯狂新闻' )  [ RunTime:0.0003s ]
SQL: SELECT * FROM `news` WHERE ( cateid=2 ) ORDER BY id desc LIMIT 0,14   [ RunTime:0.0005s ]
SQL: SELECT * FROM `category` WHERE ( title='疯狂体育' )  [ RunTime:0.0002s ]
SQL: SELECT * FROM `news` WHERE ( cateid=3 ) ORDER BY id desc LIMIT 0,14   [ RunTime:0.0005s ]
SQL: SELECT * FROM `category` WHERE ( title='疯狂趣事' )  [ RunTime:0.0003s ]
SQL: SELECT * FROM `news` WHERE ( cateid=4 ) ORDER BY id desc LIMIT 0,14   [ RunTime:0.0005s ]
SQL: SELECT * FROM `category` WHERE ( title='疯狂科技' )  [ RunTime:0.0002s ]
SQL: SELECT * FROM `news` WHERE ( cateid=5 ) ORDER BY id desc LIMIT 0,14   [ RunTime:0.0004s ]
SQL: SELECT * FROM `category` WHERE ( title='疯狂娱乐' )  [ RunTime:0.0002s ]
SQL: SELECT * FROM `news` WHERE ( cateid=6 ) ORDER BY id desc LIMIT 0,14   [ RunTime:0.0006s ]
SQL: SHOW COLUMNS FROM `games` [ RunTime:0.0018s ]
SQL: SELECT * FROM `category` WHERE ( title='林疯狂' )  [ RunTime:0.0003s ]
SQL: SELECT * FROM `games` WHERE ( cateid=7 ) ORDER BY dates desc LIMIT 0,14   [ RunTime:0.0140s ]
SQL: SELECT * FROM `category` WHERE ( title='赛季经典' )  [ RunTime:0.0004s ]
SQL: SELECT * FROM `games` WHERE ( cateid=8 ) ORDER BY dates desc LIMIT 0,14   [ RunTime:0.0005s ]
SQL: SELECT * FROM `category` WHERE ( title='关于疯狂' )  [ RunTime:0.0003s ]
SQL: SELECT * FROM `news` WHERE ( cateid=9 ) ORDER BY id desc LIMIT 0,14   [ RunTime:0.0010s ]
SQL: SELECT * FROM `category` WHERE ( title='友情链接' )  [ RunTime:0.0003s ]
SQL: SELECT * FROM `news` WHERE ( cateid=10 ) ORDER BY id asc LIMIT 0,18   [ RunTime:0.0005s ]
SQL: SELECT * FROM `news` WHERE ( cateid=10 ) ORDER BY id asc LIMIT 18,18   [ RunTime:0.0007s ]
SQL: SELECT * FROM `category` WHERE ( title='尾部信息' )  [ RunTime:0.0002s ]
SQL: SELECT * FROM `news` WHERE ( cateid=11 ) ORDER BY id asc  [ RunTime:0.0005s ]
INFO: [ view_parse ] --START--
INFO: [ template_filter ] --START--
INFO: Run Behavior\ContentReplaceBehavior [ RunTime:0.000140s ]
INFO: [ template_filter ] --END-- [ RunTime:-0.153857s ]
INFO: Run Behavior\ParseTemplateBehavior [ RunTime:0.065645s ]
INFO: [ view_parse ] --END-- [ RunTime:-0.097234s ]
INFO: [ view_filter ] --START--
INFO: Run Behavior\WriteHtmlCacheBehavior [ RunTime:0.000029s ]
INFO: [ view_filter ] --END-- [ RunTime:-0.156469s ]
NOTIC: [2] Cannot modify header information - headers already sent by (output started at H:\www\Linsanity.cc-TP\ThinkPHP\Library\Think\View.class.php:95) H:\www\Linsanity.cc-TP\ThinkPHP\Library\Think\View.class.php 第 91 行.
NOTIC: [2] Cannot modify header information - headers already sent by (output started at H:\www\Linsanity.cc-TP\ThinkPHP\Library\Think\View.class.php:95) H:\www\Linsanity.cc-TP\ThinkPHP\Library\Think\View.class.php 第 92 行.
NOTIC: [2] Cannot modify header information - headers already sent by (output started at H:\www\Linsanity.cc-TP\ThinkPHP\Library\Think\View.class.php:95) H:\www\Linsanity.cc-TP\ThinkPHP\Library\Think\View.class.php 第 93 行.
INFO: [ app_end ] --START--
INFO: Run Behavior\ShowPageTraceBehavior [ RunTime:0.039306s ]
INFO: [ app_end ] --END-- [ RunTime:0.039402s ]

[ 2016-01-23T15:04:06+08:00 ] 127.0.0.1 /Linsanity.cc-TP/Uploads/Imageads/130X90/563606422133f.gif
INFO: [ app_init ] --START--
INFO: Run Behavior\BuildLiteBehavior [ RunTime:0.000042s ]
INFO: [ app_init ] --END-- [ RunTime:0.000780s ]

[ 2016-01-23T15:04:06+08:00 ] 127.0.0.1 /Linsanity.cc-TP/Uploads/Imageads/130X90/5636060664dc3.gif
INFO: [ app_init ] --START--
INFO: Run Behavior\BuildLiteBehavior [ RunTime:0.000027s ]
INFO: [ app_init ] --END-- [ RunTime:0.000678s ]

[ 2016-01-23T15:04:06+08:00 ] 127.0.0.1 /Linsanity.cc-TP/Uploads/Imageads/130X90/5624dc59c8e3c.gif
INFO: [ app_init ] --START--
INFO: Run Behavior\BuildLiteBehavior [ RunTime:0.000032s ]
INFO: [ app_init ] --END-- [ RunTime:0.001520s ]

[ 2016-01-23T15:04:06+08:00 ] 127.0.0.1 /Linsanity.cc-TP/Uploads/Imageads/1000X90/5624cc30cb645.jpg
INFO: [ app_init ] --START--
INFO: Run Behavior\BuildLiteBehavior [ RunTime:0.000130s ]
INFO: [ app_init ] --END-- [ RunTime:0.000854s ]

[ 2016-01-23T15:04:06+08:00 ] 127.0.0.1 /Linsanity.cc-TP/Uploads/Imageads/1000X90/5624cbd35583a.jpg
INFO: [ app_init ] --START--
INFO: Run Behavior\BuildLiteBehavior [ RunTime:0.000031s ]
INFO: [ app_init ] --END-- [ RunTime:0.000694s ]

[ 2016-01-23T15:04:06+08:00 ] 127.0.0.1 /Linsanity.cc-TP/Uploads/Imageads/130X90/563605b92f7d6.gif
INFO: [ app_init ] --START--
INFO: Run Behavior\BuildLiteBehavior [ RunTime:0.000227s ]
INFO: [ app_init ] --END-- [ RunTime:0.001100s ]

[ 2016-01-23T15:04:06+08:00 ] 127.0.0.1 /Linsanity.cc-TP/Uploads/Imageads/130X90/5635f991801f4.gif
INFO: [ app_init ] --START--
INFO: Run Behavior\BuildLiteBehavior [ RunTime:0.000030s ]
INFO: [ app_init ] --END-- [ RunTime:0.001253s ]

[ 2016-01-23T15:04:06+08:00 ] 127.0.0.1 /Linsanity.cc-TP/Uploads/Imageads/130X90/5624dd6c9f846.jpg
INFO: [ app_init ] --START--
INFO: Run Behavior\BuildLiteBehavior [ RunTime:0.000029s ]
INFO: [ app_init ] --END-- [ RunTime:0.001375s ]

[ 2016-01-23T15:04:06+08:00 ] 127.0.0.1 /Linsanity.cc-TP/Uploads/Imageads/130X90/5624da15a9627.gif
INFO: [ app_init ] --START--
INFO: Run Behavior\BuildLiteBehavior [ RunTime:0.000031s ]
INFO: [ app_init ] --END-- [ RunTime:0.001347s ]

[ 2016-01-23T15:04:06+08:00 ] 127.0.0.1 /Linsanity.cc-TP/Uploads/Imageads/1000X90/5624cc3e373c3.jpg
INFO: [ app_init ] --START--
INFO: Run Behavior\BuildLiteBehavior [ RunTime:0.000030s ]
INFO: [ app_init ] --END-- [ RunTime:0.000736s ]

[ 2016-01-23T15:05:41+08:00 ] 127.0.0.1 /Linsanity.cc-TP/Public/css/__APP__/Public/images/bg-button-green.gif
INFO: [ app_init ] --START--
INFO: Run Behavior\BuildLiteBehavior [ RunTime:0.000029s ]
INFO: [ app_init ] --END-- [ RunTime:0.000639s ]

